# JRE version: OpenJDK Runtime Environment (17.0.6) (build 17.0.6+0-b2043.56-10027231)
# Java VM: OpenJDK 64-Bit Server VM (17.0.6+0-b2043.56-10027231, mixed mode, tiered, compressed oops, compressed class ptrs, g1 gc, windows-amd64)
GC Precious Log:
 CPUs: 4 total, 4 available
 Memory: 6020M
 Large Page Support: Disabled
 NUMA Support: Disabled
 Compressed Oops: Enabled (32-bit)
 Heap Region Size: 1M
 Heap Min Capacity: 8M
 Heap Initial Capacity: 96M
 Heap Max Capacity: 2G
 Pre-touch: Disabled
 Parallel Workers: 4
 Concurrent Workers: 1
 Concurrent Refinement Workers: 4
 Periodic GC: Disabled
Heap:
 garbage-first heap   total 530432K, used 342574K [0x0000000080000000, 0x0000000100000000)
  region size 1024K, 155 young (158720K), 31 survivors (31744K)
 Metaspace       used 149451K, committed 150528K, reserved 1187840K
  class space    used 19451K, committed 19968K, reserved 1048576K
GC Heap History (20 events):
Event: 5636.378 GC heap before
{Heap before GC invocations=56 (full 0):
 garbage-first heap   total 464896K, used 333972K [0x0000000080000000, 0x0000000100000000)
  region size 1024K, 174 young (178176K), 15 survivors (15360K)
 Metaspace       used 120888K, committed 121984K, reserved 1155072K
  class space    used 15913K, committed 16448K, reserved 1048576K
}
Event: 5636.524 GC heap after
{Heap after GC invocations=57 (full 0):
 garbage-first heap   total 464896K, used 180741K [0x0000000080000000, 0x0000000100000000)
  region size 1024K, 13 young (13312K), 13 survivors (13312K)
 Metaspace       used 120888K, committed 121984K, reserved 1155072K
  class space    used 15913K, committed 16448K, reserved 1048576K
}
Event: 5648.095 GC heap before
{Heap before GC invocations=58 (full 0):
 garbage-first heap   total 464896K, used 398853K [0x0000000080000000, 0x0000000100000000)
  region size 1024K, 193 young (197632K), 13 survivors (13312K)
 Metaspace       used 126643K, committed 127680K, reserved 1163264K
  class space    used 16556K, committed 17088K, reserved 1048576K
}
Event: 5648.275 GC heap after
{Heap after GC invocations=59 (full 0):
 garbage-first heap   total 464896K, used 215445K [0x0000000080000000, 0x0000000100000000)
  region size 1024K, 25 young (25600K), 25 survivors (25600K)
 Metaspace       used 126643K, committed 127680K, reserved 1163264K
  class space    used 16556K, committed 17088K, reserved 1048576K
}
Event: 5648.304 GC heap before
{Heap before GC invocations=59 (full 0):
 garbage-first heap   total 464896K, used 216469K [0x0000000080000000, 0x0000000100000000)
  region size 1024K, 26 young (26624K), 25 survivors (25600K)
 Metaspace       used 126680K, committed 127744K, reserved 1163264K
  class space    used 16560K, committed 17088K, reserved 1048576K
}
Event: 5648.413 GC heap after
{Heap after GC invocations=60 (full 0):
 garbage-first heap   total 464896K, used 212480K [0x0000000080000000, 0x0000000100000000)
  region size 1024K, 2 young (2048K), 2 survivors (2048K)
 Metaspace       used 126680K, committed 127744K, reserved 1163264K
  class space    used 16560K, committed 17088K, reserved 1048576K
}
Event: 5651.795 GC heap before
{Heap before GC invocations=60 (full 0):
 garbage-first heap   total 464896K, used 342528K [0x0000000080000000, 0x0000000100000000)
  region size 1024K, 131 young (134144K), 2 survivors (2048K)
 Metaspace       used 130762K, committed 131776K, reserved 1163264K
  class space    used 16901K, committed 17408K, reserved 1048576K
}
Event: 5651.821 GC heap after
{Heap after GC invocations=61 (full 0):
 garbage-first heap   total 464896K, used 214350K [0x0000000080000000, 0x0000000100000000)
  region size 1024K, 4 young (4096K), 4 survivors (4096K)
 Metaspace       used 130762K, committed 131776K, reserved 1163264K
  class space    used 16901K, committed 17408K, reserved 1048576K
}
Event: 5659.320 GC heap before
{Heap before GC invocations=62 (full 0):
 garbage-first heap   total 464896K, used 349518K [0x0000000080000000, 0x0000000100000000)
  region size 1024K, 156 young (159744K), 4 survivors (4096K)
 Metaspace       used 136967K, committed 137984K, reserved 1171456K
  class space    used 17725K, committed 18240K, reserved 1048576K
}
Event: 5659.333 GC heap after
{Heap after GC invocations=63 (full 0):
 garbage-first heap   total 464896K, used 195662K [0x0000000080000000, 0x0000000100000000)
  region size 1024K, 7 young (7168K), 7 survivors (7168K)
 Metaspace       used 136967K, committed 137984K, reserved 1171456K
  class space    used 17725K, committed 18240K, reserved 1048576K
}
Event: 5659.491 GC heap before
{Heap before GC invocations=63 (full 0):
 garbage-first heap   total 464896K, used 209998K [0x0000000080000000, 0x0000000100000000)
  region size 1024K, 22 young (22528K), 7 survivors (7168K)
 Metaspace       used 136968K, committed 137984K, reserved 1171456K
  class space    used 17725K, committed 18240K, reserved 1048576K
}
Event: 5659.518 GC heap after
{Heap after GC invocations=64 (full 0):
 garbage-first heap   total 464896K, used 176561K [0x0000000080000000, 0x0000000100000000)
  region size 1024K, 1 young (1024K), 1 survivors (1024K)
 Metaspace       used 136968K, committed 137984K, reserved 1171456K
  class space    used 17725K, committed 18240K, reserved 1048576K
}
Event: 5661.055 GC heap before
{Heap before GC invocations=64 (full 0):
 garbage-first heap   total 464896K, used 368049K [0x0000000080000000, 0x0000000100000000)
  region size 1024K, 189 young (193536K), 1 survivors (1024K)
 Metaspace       used 138073K, committed 139072K, reserved 1171456K
  class space    used 17867K, committed 18368K, reserved 1048576K
}
Event: 5661.096 GC heap after
{Heap after GC invocations=65 (full 0):
 garbage-first heap   total 530432K, used 181634K [0x0000000080000000, 0x0000000100000000)
  region size 1024K, 6 young (6144K), 6 survivors (6144K)
 Metaspace       used 138073K, committed 139072K, reserved 1171456K
  class space    used 17867K, committed 18368K, reserved 1048576K
}
Event: 5671.151 GC heap before
{Heap before GC invocations=66 (full 0):
 garbage-first heap   total 530432K, used 426370K [0x0000000080000000, 0x0000000100000000)
  region size 1024K, 244 young (249856K), 6 survivors (6144K)
 Metaspace       used 139295K, committed 140352K, reserved 1171456K
  class space    used 18043K, committed 18560K, reserved 1048576K
}
Event: 5671.164 GC heap after
{Heap after GC invocations=67 (full 0):
 garbage-first heap   total 530432K, used 182943K [0x0000000080000000, 0x0000000100000000)
  region size 1024K, 8 young (8192K), 8 survivors (8192K)
 Metaspace       used 139295K, committed 140352K, reserved 1171456K
  class space    used 18043K, committed 18560K, reserved 1048576K
}
Event: 5671.395 GC heap before
{Heap before GC invocations=67 (full 0):
 garbage-first heap   total 530432K, used 199327K [0x0000000080000000, 0x0000000100000000)
  region size 1024K, 25 young (25600K), 8 survivors (8192K)
 Metaspace       used 140517K, committed 141504K, reserved 1171456K
  class space    used 18209K, committed 18688K, reserved 1048576K
}
Event: 5671.443 GC heap after
{Heap after GC invocations=68 (full 0):
 garbage-first heap   total 530432K, used 181332K [0x0000000080000000, 0x0000000100000000)
  region size 1024K, 4 young (4096K), 4 survivors (4096K)
 Metaspace       used 140517K, committed 141504K, reserved 1171456K
  class space    used 18209K, committed 18688K, reserved 1048576K
}
Event: 5673.768 GC heap before
{Heap before GC invocations=68 (full 0):
 garbage-first heap   total 530432K, used 430164K [0x0000000080000000, 0x0000000100000000)
  region size 1024K, 247 young (252928K), 4 survivors (4096K)
 Metaspace       used 148057K, committed 149120K, reserved 1179648K
  class space    used 19298K, committed 19776K, reserved 1048576K
}
Event: 5673.874 GC heap after
{Heap after GC invocations=69 (full 0):
 garbage-first heap   total 530432K, used 216622K [0x0000000080000000, 0x0000000100000000)
  region size 1024K, 31 young (31744K), 31 survivors (31744K)
 Metaspace       used 148057K, committed 149120K, reserved 1179648K
  class space    used 19298K, committed 19776K, reserved 1048576K
}

