# JRE version: OpenJDK Runtime Environment (17.0.6) (build 17.0.6+0-b2043.56-10027231)
# Java VM: OpenJDK 64-Bit Server VM (17.0.6+0-b2043.56-10027231, mixed mode, tiered, compressed oops, compressed class ptrs, g1 gc, windows-amd64)
GC Precious Log:
 CPUs: 4 total, 4 available
 Memory: 6020M
 Large Page Support: Disabled
 NUMA Support: Disabled
 Compressed Oops: Enabled (Zero based)
 Heap Region Size: 2M
 Heap Min Capacity: 8M
 Heap Initial Capacity: 96M
 Heap Max Capacity: 4G
 Pre-touch: Disabled
 Parallel Workers: 4
 Concurrent Workers: 1
 Concurrent Refinement Workers: 4
 Periodic GC: Disabled
Heap:
 garbage-first heap   total 331776K, used 226316K [0x0000000700000000, 0x0000000800000000)
  region size 2048K, 56 young (114688K), 2 survivors (4096K)
 Metaspace       used 102959K, committed 103616K, reserved 1146880K
  class space    used 13785K, committed 14080K, reserved 1048576K
GC Heap History (20 events):
Event: 30.966 GC heap before
{Heap before GC invocations=35 (full 0):
 garbage-first heap   total 120832K, used 71575K [0x0000000700000000, 0x0000000800000000)
  region size 2048K, 3 young (6144K), 2 survivors (4096K)
 Metaspace       used 73116K, committed 73600K, reserved 1114112K
  class space    used 9633K, committed 9856K, reserved 1048576K
}
Event: 30.971 GC heap after
{Heap after GC invocations=36 (full 0):
 garbage-first heap   total 120832K, used 68579K [0x0000000700000000, 0x0000000800000000)
  region size 2048K, 1 young (2048K), 1 survivors (2048K)
 Metaspace       used 73116K, committed 73600K, reserved 1114112K
  class space    used 9633K, committed 9856K, reserved 1048576K
}
Event: 31.423 GC heap before
{Heap before GC invocations=36 (full 0):
 garbage-first heap   total 120832K, used 91107K [0x0000000700000000, 0x0000000800000000)
  region size 2048K, 12 young (24576K), 1 survivors (2048K)
 Metaspace       used 73542K, committed 74112K, reserved 1114112K
  class space    used 9686K, committed 9920K, reserved 1048576K
}
Event: 31.428 GC heap after
{Heap after GC invocations=37 (full 0):
 garbage-first heap   total 184320K, used 70209K [0x0000000700000000, 0x0000000800000000)
  region size 2048K, 2 young (4096K), 2 survivors (4096K)
 Metaspace       used 73542K, committed 74112K, reserved 1114112K
  class space    used 9686K, committed 9920K, reserved 1048576K
}
Event: 34.133 GC heap before
{Heap before GC invocations=38 (full 0):
 garbage-first heap   total 184320K, used 129601K [0x0000000700000000, 0x0000000800000000)
  region size 2048K, 32 young (65536K), 2 survivors (4096K)
 Metaspace       used 80254K, committed 80768K, reserved 1122304K
  class space    used 10800K, committed 11008K, reserved 1048576K
}
Event: 34.152 GC heap after
{Heap after GC invocations=39 (full 0):
 garbage-first heap   total 184320K, used 74329K [0x0000000700000000, 0x0000000800000000)
  region size 2048K, 4 young (8192K), 4 survivors (8192K)
 Metaspace       used 80254K, committed 80768K, reserved 1122304K
  class space    used 10800K, committed 11008K, reserved 1048576K
}
Event: 34.270 GC heap before
{Heap before GC invocations=39 (full 0):
 garbage-first heap   total 184320K, used 76377K [0x0000000700000000, 0x0000000800000000)
  region size 2048K, 5 young (10240K), 4 survivors (8192K)
 Metaspace       used 80468K, committed 81024K, reserved 1122304K
  class space    used 10832K, committed 11072K, reserved 1048576K
}
Event: 34.307 GC heap after
{Heap after GC invocations=40 (full 0):
 garbage-first heap   total 184320K, used 73683K [0x0000000700000000, 0x0000000800000000)
  region size 2048K, 1 young (2048K), 1 survivors (2048K)
 Metaspace       used 80468K, committed 81024K, reserved 1122304K
  class space    used 10832K, committed 11072K, reserved 1048576K
}
Event: 36.615 GC heap before
{Heap before GC invocations=40 (full 0):
 garbage-first heap   total 184320K, used 139219K [0x0000000700000000, 0x0000000800000000)
  region size 2048K, 33 young (67584K), 1 survivors (2048K)
 Metaspace       used 87534K, committed 88128K, reserved 1130496K
  class space    used 11849K, committed 12096K, reserved 1048576K
}
Event: 36.626 GC heap after
{Heap after GC invocations=41 (full 0):
 garbage-first heap   total 184320K, used 77634K [0x0000000700000000, 0x0000000800000000)
  region size 2048K, 3 young (6144K), 3 survivors (6144K)
 Metaspace       used 87534K, committed 88128K, reserved 1130496K
  class space    used 11849K, committed 12096K, reserved 1048576K
}
Event: 39.486 GC heap before
{Heap before GC invocations=41 (full 0):
 garbage-first heap   total 184320K, used 141122K [0x0000000700000000, 0x0000000800000000)
  region size 2048K, 34 young (69632K), 3 survivors (6144K)
 Metaspace       used 89967K, committed 90624K, reserved 1130496K
  class space    used 12271K, committed 12608K, reserved 1048576K
}
Event: 39.511 GC heap after
{Heap after GC invocations=42 (full 0):
 garbage-first heap   total 184320K, used 86552K [0x0000000700000000, 0x0000000800000000)
  region size 2048K, 5 young (10240K), 5 survivors (10240K)
 Metaspace       used 89967K, committed 90624K, reserved 1130496K
  class space    used 12271K, committed 12608K, reserved 1048576K
}
Event: 41.100 GC heap before
{Heap before GC invocations=42 (full 0):
 garbage-first heap   total 184320K, used 139800K [0x0000000700000000, 0x0000000800000000)
  region size 2048K, 32 young (65536K), 5 survivors (10240K)
 Metaspace       used 91699K, committed 92352K, reserved 1130496K
  class space    used 12430K, committed 12736K, reserved 1048576K
}
Event: 41.132 GC heap after
{Heap after GC invocations=43 (full 0):
 garbage-first heap   total 184320K, used 92341K [0x0000000700000000, 0x0000000800000000)
  region size 2048K, 3 young (6144K), 3 survivors (6144K)
 Metaspace       used 91699K, committed 92352K, reserved 1130496K
  class space    used 12430K, committed 12736K, reserved 1048576K
}
Event: 42.874 GC heap before
{Heap before GC invocations=43 (full 0):
 garbage-first heap   total 184320K, used 147637K [0x0000000700000000, 0x0000000800000000)
  region size 2048K, 29 young (59392K), 3 survivors (6144K)
 Metaspace       used 94711K, committed 95296K, reserved 1138688K
  class space    used 12803K, committed 13120K, reserved 1048576K
}
Event: 42.903 GC heap after
{Heap after GC invocations=44 (full 0):
 garbage-first heap   total 184320K, used 114687K [0x0000000700000000, 0x0000000800000000)
  region size 2048K, 4 young (8192K), 4 survivors (8192K)
 Metaspace       used 94711K, committed 95296K, reserved 1138688K
  class space    used 12803K, committed 13120K, reserved 1048576K
}
Event: 44.064 GC heap before
{Heap before GC invocations=44 (full 0):
 garbage-first heap   total 184320K, used 157695K [0x0000000700000000, 0x0000000800000000)
  region size 2048K, 18 young (36864K), 4 survivors (8192K)
 Metaspace       used 97485K, committed 98176K, reserved 1138688K
  class space    used 13092K, committed 13440K, reserved 1048576K
}
Event: 44.081 GC heap after
{Heap after GC invocations=45 (full 0):
 garbage-first heap   total 184320K, used 119082K [0x0000000700000000, 0x0000000800000000)
  region size 2048K, 2 young (4096K), 2 survivors (4096K)
 Metaspace       used 97485K, committed 98176K, reserved 1138688K
  class space    used 13092K, committed 13440K, reserved 1048576K
}
Event: 44.650 GC heap before
{Heap before GC invocations=45 (full 0):
 garbage-first heap   total 184320K, used 143658K [0x0000000700000000, 0x0000000800000000)
  region size 2048K, 15 young (30720K), 2 survivors (4096K)
 Metaspace       used 97774K, committed 98432K, reserved 1138688K
  class space    used 13122K, committed 13440K, reserved 1048576K
}
Event: 44.658 GC heap after
{Heap after GC invocations=46 (full 0):
 garbage-first heap   total 331776K, used 119820K [0x0000000700000000, 0x0000000800000000)
  region size 2048K, 2 young (4096K), 2 survivors (4096K)
 Metaspace       used 97774K, committed 98432K, reserved 1138688K
  class space    used 13122K, committed 13440K, reserved 1048576K
}

