# JRE version: OpenJDK Runtime Environment (17.0.6) (build 17.0.6+0-b2043.56-10027231)
# Java VM: OpenJDK 64-Bit Server VM (17.0.6+0-b2043.56-10027231, mixed mode, tiered, compressed oops, compressed class ptrs, g1 gc, windows-amd64)
GC Precious Log:
 CPUs: 4 total, 4 available
 Memory: 6020M
 Large Page Support: Disabled
 NUMA Support: Disabled
 Compressed Oops: Enabled (Zero based)
 Heap Region Size: 2M
 Heap Min Capacity: 8M
 Heap Initial Capacity: 96M
 Heap Max Capacity: 4G
 Pre-touch: Disabled
 Parallel Workers: 4
 Concurrent Workers: 1
 Concurrent Refinement Workers: 4
 Periodic GC: Disabled
Heap:
 garbage-first heap   total 362496K, used 215024K [0x0000000700000000, 0x0000000800000000)
  region size 2048K, 15 young (30720K), 3 survivors (6144K)
 Metaspace       used 110082K, committed 111104K, reserved 1146880K
  class space    used 14615K, committed 15104K, reserved 1048576K
GC Heap History (20 events):
Event: 33.776 GC heap before
{Heap before GC invocations=48 (full 0):
 garbage-first heap   total 233472K, used 153061K [0x0000000700000000, 0x0000000800000000)
  region size 2048K, 12 young (24576K), 2 survivors (4096K)
 Metaspace       used 81004K, committed 81792K, reserved 1122304K
  class space    used 11015K, committed 11392K, reserved 1048576K
}
Event: 33.785 GC heap after
{Heap after GC invocations=49 (full 0):
 garbage-first heap   total 233472K, used 137416K [0x0000000700000000, 0x0000000800000000)
  region size 2048K, 2 young (4096K), 2 survivors (4096K)
 Metaspace       used 81004K, committed 81792K, reserved 1122304K
  class space    used 11015K, committed 11392K, reserved 1048576K
}
Event: 34.263 GC heap before
{Heap before GC invocations=49 (full 0):
 garbage-first heap   total 233472K, used 168136K [0x0000000700000000, 0x0000000800000000)
  region size 2048K, 17 young (34816K), 2 survivors (4096K)
 Metaspace       used 81863K, committed 82624K, reserved 1122304K
  class space    used 11136K, committed 11520K, reserved 1048576K
}
Event: 34.271 GC heap after
{Heap after GC invocations=50 (full 0):
 garbage-first heap   total 280576K, used 139660K [0x0000000700000000, 0x0000000800000000)
  region size 2048K, 3 young (6144K), 3 survivors (6144K)
 Metaspace       used 81863K, committed 82624K, reserved 1122304K
  class space    used 11136K, committed 11520K, reserved 1048576K
}
Event: 36.881 GC heap before
{Heap before GC invocations=50 (full 0):
 garbage-first heap   total 280576K, used 190860K [0x0000000700000000, 0x0000000800000000)
  region size 2048K, 29 young (59392K), 3 survivors (6144K)
 Metaspace       used 90366K, committed 91072K, reserved 1130496K
  class space    used 12279K, committed 12608K, reserved 1048576K
}
Event: 36.917 GC heap after
{Heap after GC invocations=51 (full 0):
 garbage-first heap   total 280576K, used 142529K [0x0000000700000000, 0x0000000800000000)
  region size 2048K, 3 young (6144K), 3 survivors (6144K)
 Metaspace       used 90366K, committed 91072K, reserved 1130496K
  class space    used 12279K, committed 12608K, reserved 1048576K
}
Event: 39.884 GC heap before
{Heap before GC invocations=51 (full 0):
 garbage-first heap   total 280576K, used 206017K [0x0000000700000000, 0x0000000800000000)
  region size 2048K, 34 young (69632K), 3 survivors (6144K)
 Metaspace       used 94313K, committed 95040K, reserved 1138688K
  class space    used 12655K, committed 12992K, reserved 1048576K
}
Event: 39.899 GC heap after
{Heap after GC invocations=52 (full 0):
 garbage-first heap   total 280576K, used 147452K [0x0000000700000000, 0x0000000800000000)
  region size 2048K, 5 young (10240K), 5 survivors (10240K)
 Metaspace       used 94313K, committed 95040K, reserved 1138688K
  class space    used 12655K, committed 12992K, reserved 1048576K
}
Event: 42.552 GC heap before
{Heap before GC invocations=52 (full 0):
 garbage-first heap   total 280576K, used 208892K [0x0000000700000000, 0x0000000800000000)
  region size 2048K, 36 young (73728K), 5 survivors (10240K)
 Metaspace       used 96748K, committed 97536K, reserved 1138688K
  class space    used 12953K, committed 13312K, reserved 1048576K
}
Event: 42.576 GC heap after
{Heap after GC invocations=53 (full 0):
 garbage-first heap   total 280576K, used 152472K [0x0000000700000000, 0x0000000800000000)
  region size 2048K, 5 young (10240K), 5 survivors (10240K)
 Metaspace       used 96748K, committed 97536K, reserved 1138688K
  class space    used 12953K, committed 13312K, reserved 1048576K
}
Event: 494.851 GC heap before
{Heap before GC invocations=53 (full 0):
 garbage-first heap   total 280576K, used 218008K [0x0000000700000000, 0x0000000800000000)
  region size 2048K, 37 young (75776K), 5 survivors (10240K)
 Metaspace       used 100357K, committed 101248K, reserved 1138688K
  class space    used 13417K, committed 13824K, reserved 1048576K
}
Event: 495.074 GC heap after
{Heap after GC invocations=54 (full 0):
 garbage-first heap   total 280576K, used 157315K [0x0000000700000000, 0x0000000800000000)
  region size 2048K, 5 young (10240K), 5 survivors (10240K)
 Metaspace       used 100357K, committed 101248K, reserved 1138688K
  class space    used 13417K, committed 13824K, reserved 1048576K
}
Event: 1097.350 GC heap before
{Heap before GC invocations=54 (full 0):
 garbage-first heap   total 280576K, used 222851K [0x0000000700000000, 0x0000000800000000)
  region size 2048K, 37 young (75776K), 5 survivors (10240K)
 Metaspace       used 101983K, committed 102912K, reserved 1138688K
  class space    used 13613K, committed 14016K, reserved 1048576K
}
Event: 1097.447 GC heap after
{Heap after GC invocations=55 (full 0):
 garbage-first heap   total 280576K, used 162919K [0x0000000700000000, 0x0000000800000000)
  region size 2048K, 5 young (10240K), 5 survivors (10240K)
 Metaspace       used 101983K, committed 102912K, reserved 1138688K
  class space    used 13613K, committed 14016K, reserved 1048576K
}
Event: 1099.145 GC heap before
{Heap before GC invocations=55 (full 0):
 garbage-first heap   total 280576K, used 226407K [0x0000000700000000, 0x0000000800000000)
  region size 2048K, 36 young (73728K), 5 survivors (10240K)
 Metaspace       used 103282K, committed 104192K, reserved 1138688K
  class space    used 13795K, committed 14208K, reserved 1048576K
}
Event: 1099.192 GC heap after
{Heap after GC invocations=56 (full 0):
 garbage-first heap   total 280576K, used 172866K [0x0000000700000000, 0x0000000800000000)
  region size 2048K, 5 young (10240K), 5 survivors (10240K)
 Metaspace       used 103282K, committed 104192K, reserved 1138688K
  class space    used 13795K, committed 14208K, reserved 1048576K
}
Event: 1100.596 GC heap before
{Heap before GC invocations=56 (full 0):
 garbage-first heap   total 280576K, used 226114K [0x0000000700000000, 0x0000000800000000)
  region size 2048K, 31 young (63488K), 5 survivors (10240K)
 Metaspace       used 106354K, committed 107264K, reserved 1146880K
  class space    used 14207K, committed 14656K, reserved 1048576K
}
Event: 1100.653 GC heap after
{Heap after GC invocations=57 (full 0):
 garbage-first heap   total 280576K, used 190102K [0x0000000700000000, 0x0000000800000000)
  region size 2048K, 4 young (8192K), 4 survivors (8192K)
 Metaspace       used 106354K, committed 107264K, reserved 1146880K
  class space    used 14207K, committed 14656K, reserved 1048576K
}
Event: 1101.548 GC heap before
{Heap before GC invocations=57 (full 0):
 garbage-first heap   total 280576K, used 237206K [0x0000000700000000, 0x0000000800000000)
  region size 2048K, 20 young (40960K), 4 survivors (8192K)
 Metaspace       used 108492K, committed 109504K, reserved 1146880K
  class space    used 14423K, committed 14912K, reserved 1048576K
}
Event: 1101.571 GC heap after
{Heap after GC invocations=58 (full 0):
 garbage-first heap   total 337920K, used 194544K [0x0000000700000000, 0x0000000800000000)
  region size 2048K, 3 young (6144K), 3 survivors (6144K)
 Metaspace       used 108492K, committed 109504K, reserved 1146880K
  class space    used 14423K, committed 14912K, reserved 1048576K
}

