# JRE version: OpenJDK Runtime Environment (17.0.6) (build 17.0.6+0-b2043.56-10027231)
# Java VM: OpenJDK 64-Bit Server VM (17.0.6+0-b2043.56-10027231, mixed mode, tiered, compressed oops, compressed class ptrs, g1 gc, windows-amd64)
GC Precious Log:
 CPUs: 4 total, 4 available
 Memory: 6020M
 Large Page Support: Disabled
 NUMA Support: Disabled
 Compressed Oops: Enabled (32-bit)
 Heap Region Size: 1M
 Heap Min Capacity: 8M
 Heap Initial Capacity: 96M
 Heap Max Capacity: 2G
 Pre-touch: Disabled
 Parallel Workers: 4
 Concurrent Workers: 1
 Concurrent Refinement Workers: 4
 Periodic GC: Disabled
Heap:
 garbage-first heap   total 525312K, used 361243K [0x0000000080000000, 0x0000000100000000)
  region size 1024K, 251 young (257024K), 12 survivors (12288K)
 Metaspace       used 129888K, committed 130816K, reserved 1163264K
  class space    used 17506K, committed 17984K, reserved 1048576K
GC Heap History (20 events):
Event: 42.058 GC heap before
{Heap before GC invocations=23 (full 0):
 garbage-first heap   total 162816K, used 128474K [0x0000000080000000, 0x0000000100000000)
  region size 1024K, 62 young (63488K), 9 survivors (9216K)
 Metaspace       used 84682K, committed 85312K, reserved 1130496K
  class space    used 11610K, committed 11904K, reserved 1048576K
}
Event: 42.107 GC heap after
{Heap after GC invocations=24 (full 0):
 garbage-first heap   total 162816K, used 82562K [0x0000000080000000, 0x0000000100000000)
  region size 1024K, 7 young (7168K), 7 survivors (7168K)
 Metaspace       used 84682K, committed 85312K, reserved 1130496K
  class space    used 11610K, committed 11904K, reserved 1048576K
}
Event: 43.825 GC heap before
{Heap before GC invocations=24 (full 0):
 garbage-first heap   total 162816K, used 113282K [0x0000000080000000, 0x0000000100000000)
  region size 1024K, 39 young (39936K), 7 survivors (7168K)
 Metaspace       used 85144K, committed 85696K, reserved 1130496K
  class space    used 11658K, committed 11904K, reserved 1048576K
}
Event: 43.857 GC heap after
{Heap after GC invocations=25 (full 0):
 garbage-first heap   total 195584K, used 84992K [0x0000000080000000, 0x0000000100000000)
  region size 1024K, 3 young (3072K), 3 survivors (3072K)
 Metaspace       used 85144K, committed 85696K, reserved 1130496K
  class space    used 11658K, committed 11904K, reserved 1048576K
}
Event: 45.934 GC heap before
{Heap before GC invocations=25 (full 0):
 garbage-first heap   total 195584K, used 147456K [0x0000000080000000, 0x0000000100000000)
  region size 1024K, 62 young (63488K), 3 survivors (3072K)
 Metaspace       used 89138K, committed 89792K, reserved 1130496K
  class space    used 12099K, committed 12416K, reserved 1048576K
}
Event: 45.982 GC heap after
{Heap after GC invocations=26 (full 0):
 garbage-first heap   total 195584K, used 109180K [0x0000000080000000, 0x0000000100000000)
  region size 1024K, 9 young (9216K), 9 survivors (9216K)
 Metaspace       used 89138K, committed 89792K, reserved 1130496K
  class space    used 12099K, committed 12416K, reserved 1048576K
}
Event: 48.626 GC heap before
{Heap before GC invocations=27 (full 0):
 garbage-first heap   total 227328K, used 161404K [0x0000000080000000, 0x0000000100000000)
  region size 1024K, 45 young (46080K), 9 survivors (9216K)
 Metaspace       used 92077K, committed 92736K, reserved 1130496K
  class space    used 12406K, committed 12736K, reserved 1048576K
}
Event: 48.665 GC heap after
{Heap after GC invocations=28 (full 0):
 garbage-first heap   total 227328K, used 111475K [0x0000000080000000, 0x0000000100000000)
  region size 1024K, 3 young (3072K), 3 survivors (3072K)
 Metaspace       used 92077K, committed 92736K, reserved 1130496K
  class space    used 12406K, committed 12736K, reserved 1048576K
}
Event: 48.863 GC heap before
{Heap before GC invocations=28 (full 0):
 garbage-first heap   total 227328K, used 118643K [0x0000000080000000, 0x0000000100000000)
  region size 1024K, 11 young (11264K), 3 survivors (3072K)
 Metaspace       used 92179K, committed 92800K, reserved 1130496K
  class space    used 12418K, committed 12736K, reserved 1048576K
}
Event: 48.880 GC heap after
{Heap after GC invocations=29 (full 0):
 garbage-first heap   total 227328K, used 112451K [0x0000000080000000, 0x0000000100000000)
  region size 1024K, 2 young (2048K), 2 survivors (2048K)
 Metaspace       used 92179K, committed 92800K, reserved 1130496K
  class space    used 12418K, committed 12736K, reserved 1048576K
}
Event: 51.415 GC heap before
{Heap before GC invocations=29 (full 0):
 garbage-first heap   total 227328K, used 171843K [0x0000000080000000, 0x0000000100000000)
  region size 1024K, 61 young (62464K), 2 survivors (2048K)
 Metaspace       used 94491K, committed 95168K, reserved 1138688K
  class space    used 12719K, committed 13056K, reserved 1048576K
}
Event: 51.458 GC heap after
{Heap after GC invocations=30 (full 0):
 garbage-first heap   total 227328K, used 115803K [0x0000000080000000, 0x0000000100000000)
  region size 1024K, 5 young (5120K), 5 survivors (5120K)
 Metaspace       used 94491K, committed 95168K, reserved 1138688K
  class space    used 12719K, committed 13056K, reserved 1048576K
}
Event: 58.401 GC heap before
{Heap before GC invocations=31 (full 0):
 garbage-first heap   total 227328K, used 159835K [0x0000000080000000, 0x0000000100000000)
  region size 1024K, 65 young (66560K), 5 survivors (5120K)
 Metaspace       used 97477K, committed 98112K, reserved 1138688K
  class space    used 13097K, committed 13440K, reserved 1048576K
}
Event: 58.443 GC heap after
{Heap after GC invocations=32 (full 0):
 garbage-first heap   total 227328K, used 105139K [0x0000000080000000, 0x0000000100000000)
  region size 1024K, 9 young (9216K), 9 survivors (9216K)
 Metaspace       used 97477K, committed 98112K, reserved 1138688K
  class space    used 13097K, committed 13440K, reserved 1048576K
}
Event: 58.468 GC heap before
{Heap before GC invocations=32 (full 0):
 garbage-first heap   total 227328K, used 107187K [0x0000000080000000, 0x0000000100000000)
  region size 1024K, 11 young (11264K), 9 survivors (9216K)
 Metaspace       used 97479K, committed 98112K, reserved 1138688K
  class space    used 13097K, committed 13440K, reserved 1048576K
}
Event: 58.504 GC heap after
{Heap after GC invocations=33 (full 0):
 garbage-first heap   total 227328K, used 105243K [0x0000000080000000, 0x0000000100000000)
  region size 1024K, 2 young (2048K), 2 survivors (2048K)
 Metaspace       used 97479K, committed 98112K, reserved 1138688K
  class space    used 13097K, committed 13440K, reserved 1048576K
}
Event: 60.562 GC heap before
{Heap before GC invocations=33 (full 0):
 garbage-first heap   total 227328K, used 175899K [0x0000000080000000, 0x0000000100000000)
  region size 1024K, 71 young (72704K), 2 survivors (2048K)
 Metaspace       used 98747K, committed 99456K, reserved 1138688K
  class space    used 13245K, committed 13568K, reserved 1048576K
}
Event: 60.591 GC heap after
{Heap after GC invocations=34 (full 0):
 garbage-first heap   total 525312K, used 108978K [0x0000000080000000, 0x0000000100000000)
  region size 1024K, 6 young (6144K), 6 survivors (6144K)
 Metaspace       used 98747K, committed 99456K, reserved 1138688K
  class space    used 13245K, committed 13568K, reserved 1048576K
}
Event: 76.165 GC heap before
{Heap before GC invocations=34 (full 0):
 garbage-first heap   total 525312K, used 437682K [0x0000000080000000, 0x0000000100000000)
  region size 1024K, 304 young (311296K), 6 survivors (6144K)
 Metaspace       used 128054K, committed 128896K, reserved 1163264K
  class space    used 17383K, committed 17792K, reserved 1048576K
}
Event: 76.317 GC heap after
{Heap after GC invocations=35 (full 0):
 garbage-first heap   total 525312K, used 117531K [0x0000000080000000, 0x0000000100000000)
  region size 1024K, 12 young (12288K), 12 survivors (12288K)
 Metaspace       used 128054K, committed 128896K, reserved 1163264K
  class space    used 17383K, committed 17792K, reserved 1048576K
}

