# JRE version: OpenJDK Runtime Environment (17.0.6) (build 17.0.6+0-b2043.56-10027231)
# Java VM: OpenJDK 64-Bit Server VM (17.0.6+0-b2043.56-10027231, mixed mode, tiered, compressed oops, compressed class ptrs, g1 gc, windows-amd64)
GC Precious Log:
 CPUs: 4 total, 4 available
 Memory: 6020M
 Large Page Support: Disabled
 NUMA Support: Disabled
 Compressed Oops: Enabled (32-bit)
 Heap Region Size: 1M
 Heap Min Capacity: 8M
 Heap Initial Capacity: 96M
 Heap Max Capacity: 2G
 Pre-touch: Disabled
 Parallel Workers: 4
 Concurrent Workers: 1
 Concurrent Refinement Workers: 4
 Periodic GC: Disabled
Heap:
 garbage-first heap   total 205824K, used 124928K [0x0000000080000000, 0x0000000100000000)
  region size 1024K, 6 young (6144K), 6 survivors (6144K)
 Metaspace       used 100628K, committed 101248K, reserved 1138688K
  class space    used 13664K, committed 13952K, reserved 1048576K
GC Heap History (20 events):
Event: 18.936 GC heap after
{Heap after GC invocations=41 (full 0):
 garbage-first heap   total 150528K, used 75278K [0x0000000080000000, 0x0000000100000000)
  region size 1024K, 7 young (7168K), 7 survivors (7168K)
 Metaspace       used 82140K, committed 82752K, reserved 1122304K
  class space    used 11159K, committed 11456K, reserved 1048576K
}
Event: 19.842 GC heap before
{Heap before GC invocations=41 (full 0):
 garbage-first heap   total 150528K, used 117262K [0x0000000080000000, 0x0000000100000000)
  region size 1024K, 49 young (50176K), 7 survivors (7168K)
 Metaspace       used 84458K, committed 85120K, reserved 1122304K
  class space    used 11599K, committed 11904K, reserved 1048576K
}
Event: 19.859 GC heap after
{Heap after GC invocations=42 (full 0):
 garbage-first heap   total 150528K, used 81143K [0x0000000080000000, 0x0000000100000000)
  region size 1024K, 6 young (6144K), 6 survivors (6144K)
 Metaspace       used 84458K, committed 85120K, reserved 1122304K
  class space    used 11599K, committed 11904K, reserved 1048576K
}
Event: 20.642 GC heap before
{Heap before GC invocations=43 (full 0):
 garbage-first heap   total 153600K, used 120055K [0x0000000080000000, 0x0000000100000000)
  region size 1024K, 44 young (45056K), 6 survivors (6144K)
 Metaspace       used 85801K, committed 86464K, reserved 1130496K
  class space    used 11688K, committed 11968K, reserved 1048576K
}
Event: 20.653 GC heap after
{Heap after GC invocations=44 (full 0):
 garbage-first heap   total 153600K, used 83925K [0x0000000080000000, 0x0000000100000000)
  region size 1024K, 3 young (3072K), 3 survivors (3072K)
 Metaspace       used 85801K, committed 86464K, reserved 1130496K
  class space    used 11688K, committed 11968K, reserved 1048576K
}
Event: 20.741 GC heap before
{Heap before GC invocations=44 (full 0):
 garbage-first heap   total 153600K, used 88021K [0x0000000080000000, 0x0000000100000000)
  region size 1024K, 7 young (7168K), 3 survivors (3072K)
 Metaspace       used 85999K, committed 86720K, reserved 1130496K
  class space    used 11713K, committed 12032K, reserved 1048576K
}
Event: 20.750 GC heap after
{Heap after GC invocations=45 (full 0):
 garbage-first heap   total 153600K, used 84075K [0x0000000080000000, 0x0000000100000000)
  region size 1024K, 1 young (1024K), 1 survivors (1024K)
 Metaspace       used 85999K, committed 86720K, reserved 1130496K
  class space    used 11713K, committed 12032K, reserved 1048576K
}
Event: 21.480 GC heap before
{Heap before GC invocations=45 (full 0):
 garbage-first heap   total 153600K, used 124011K [0x0000000080000000, 0x0000000100000000)
  region size 1024K, 41 young (41984K), 1 survivors (1024K)
 Metaspace       used 88334K, committed 89024K, reserved 1130496K
  class space    used 12045K, committed 12352K, reserved 1048576K
}
Event: 21.487 GC heap after
{Heap after GC invocations=46 (full 0):
 garbage-first heap   total 205824K, used 86404K [0x0000000080000000, 0x0000000100000000)
  region size 1024K, 3 young (3072K), 3 survivors (3072K)
 Metaspace       used 88334K, committed 89024K, reserved 1130496K
  class space    used 12045K, committed 12352K, reserved 1048576K
}
Event: 22.774 GC heap before
{Heap before GC invocations=47 (full 0):
 garbage-first heap   total 205824K, used 165252K [0x0000000080000000, 0x0000000100000000)
  region size 1024K, 81 young (82944K), 3 survivors (3072K)
 Metaspace       used 93248K, committed 93888K, reserved 1130496K
  class space    used 12656K, committed 12928K, reserved 1048576K
}
Event: 22.798 GC heap after
{Heap after GC invocations=48 (full 0):
 garbage-first heap   total 205824K, used 94384K [0x0000000080000000, 0x0000000100000000)
  region size 1024K, 11 young (11264K), 11 survivors (11264K)
 Metaspace       used 93248K, committed 93888K, reserved 1130496K
  class space    used 12656K, committed 12928K, reserved 1048576K
}
Event: 22.799 GC heap before
{Heap before GC invocations=48 (full 0):
 garbage-first heap   total 205824K, used 94384K [0x0000000080000000, 0x0000000100000000)
  region size 1024K, 12 young (12288K), 11 survivors (11264K)
 Metaspace       used 93252K, committed 93888K, reserved 1130496K
  class space    used 12656K, committed 12928K, reserved 1048576K
}
Event: 22.812 GC heap after
{Heap after GC invocations=49 (full 0):
 garbage-first heap   total 205824K, used 95142K [0x0000000080000000, 0x0000000100000000)
  region size 1024K, 2 young (2048K), 2 survivors (2048K)
 Metaspace       used 93252K, committed 93888K, reserved 1130496K
  class space    used 12656K, committed 12928K, reserved 1048576K
}
Event: 23.600 GC heap before
{Heap before GC invocations=49 (full 0):
 garbage-first heap   total 205824K, used 158630K [0x0000000080000000, 0x0000000100000000)
  region size 1024K, 65 young (66560K), 2 survivors (2048K)
 Metaspace       used 97330K, committed 97984K, reserved 1138688K
  class space    used 13214K, committed 13504K, reserved 1048576K
}
Event: 23.609 GC heap after
{Heap after GC invocations=50 (full 0):
 garbage-first heap   total 205824K, used 104448K [0x0000000080000000, 0x0000000100000000)
  region size 1024K, 9 young (9216K), 9 survivors (9216K)
 Metaspace       used 97330K, committed 97984K, reserved 1138688K
  class space    used 13214K, committed 13504K, reserved 1048576K
}
Event: 24.316 GC heap before
{Heap before GC invocations=51 (full 0):
 garbage-first heap   total 205824K, used 162816K [0x0000000080000000, 0x0000000100000000)
  region size 1024K, 66 young (67584K), 9 survivors (9216K)
 Metaspace       used 99221K, committed 99840K, reserved 1138688K
  class space    used 13520K, committed 13824K, reserved 1048576K
}
Event: 24.349 GC heap after
{Heap after GC invocations=52 (full 0):
 garbage-first heap   total 205824K, used 116215K [0x0000000080000000, 0x0000000100000000)
  region size 1024K, 9 young (9216K), 9 survivors (9216K)
 Metaspace       used 99221K, committed 99840K, reserved 1138688K
  class space    used 13520K, committed 13824K, reserved 1048576K
}
Event: 24.362 GC heap before
{Heap before GC invocations=52 (full 0):
 garbage-first heap   total 205824K, used 117239K [0x0000000080000000, 0x0000000100000000)
  region size 1024K, 10 young (10240K), 9 survivors (9216K)
 Metaspace       used 99236K, committed 99904K, reserved 1138688K
  class space    used 13523K, committed 13824K, reserved 1048576K
}
Event: 24.387 GC heap after
{Heap after GC invocations=53 (full 0):
 garbage-first heap   total 205824K, used 117599K [0x0000000080000000, 0x0000000100000000)
  region size 1024K, 2 young (2048K), 2 survivors (2048K)
 Metaspace       used 99236K, committed 99904K, reserved 1138688K
  class space    used 13523K, committed 13824K, reserved 1048576K
}
Event: 24.866 GC heap before
{Heap before GC invocations=53 (full 0):
 garbage-first heap   total 205824K, used 164703K [0x0000000080000000, 0x0000000100000000)
  region size 1024K, 48 young (49152K), 2 survivors (2048K)
 Metaspace       used 100628K, committed 101248K, reserved 1138688K
  class space    used 13664K, committed 13952K, reserved 1048576K
}

