# JRE version: OpenJDK Runtime Environment (17.0.6) (build 17.0.6+0-b2043.56-10027231)
# Java VM: OpenJDK 64-Bit Server VM (17.0.6+0-b2043.56-10027231, mixed mode, tiered, compressed oops, compressed class ptrs, g1 gc, windows-amd64)
GC Precious Log:
 CPUs: 4 total, 4 available
 Memory: 6020M
 Large Page Support: Disabled
 NUMA Support: Disabled
 Compressed Oops: Enabled (Zero based)
 Heap Region Size: 2M
 Heap Min Capacity: 8M
 Heap Initial Capacity: 96M
 Heap Max Capacity: 4G
 Pre-touch: Disabled
 Parallel Workers: 4
 Concurrent Workers: 1
 Concurrent Refinement Workers: 4
 Periodic GC: Disabled
Heap:
 garbage-first heap   total 229376K, used 172408K [0x0000000700000000, 0x0000000800000000)
  region size 2048K, 28 young (57344K), 1 survivors (2048K)
 Metaspace       used 122473K, committed 123136K, reserved 1163264K
  class space    used 16387K, committed 16704K, reserved 1048576K
GC Heap History (20 events):
Event: 67.485 GC heap before
{Heap before GC invocations=57 (full 0):
 garbage-first heap   total 229376K, used 144164K [0x0000000700000000, 0x0000000800000000)
  region size 2048K, 9 young (18432K), 2 survivors (4096K)
 Metaspace       used 96786K, committed 97472K, reserved 1138688K
  class space    used 13024K, committed 13376K, reserved 1048576K
}
Event: 67.497 GC heap after
{Heap after GC invocations=58 (full 0):
 garbage-first heap   total 229376K, used 116465K [0x0000000700000000, 0x0000000800000000)
  region size 2048K, 1 young (2048K), 1 survivors (2048K)
 Metaspace       used 96786K, committed 97472K, reserved 1138688K
  class space    used 13024K, committed 13376K, reserved 1048576K
}
Event: 70.681 GC heap before
{Heap before GC invocations=58 (full 0):
 garbage-first heap   total 229376K, used 173809K [0x0000000700000000, 0x0000000800000000)
  region size 2048K, 30 young (61440K), 1 survivors (2048K)
 Metaspace       used 98389K, committed 99072K, reserved 1138688K
  class space    used 13179K, committed 13504K, reserved 1048576K
}
Event: 70.745 GC heap after
{Heap after GC invocations=59 (full 0):
 garbage-first heap   total 229376K, used 120286K [0x0000000700000000, 0x0000000800000000)
  region size 2048K, 3 young (6144K), 3 survivors (6144K)
 Metaspace       used 98389K, committed 99072K, reserved 1138688K
  class space    used 13179K, committed 13504K, reserved 1048576K
}
Event: 73.604 GC heap before
{Heap before GC invocations=60 (full 0):
 garbage-first heap   total 229376K, used 175582K [0x0000000700000000, 0x0000000800000000)
  region size 2048K, 31 young (63488K), 3 survivors (6144K)
 Metaspace       used 101929K, committed 102592K, reserved 1138688K
  class space    used 13652K, committed 14016K, reserved 1048576K
}
Event: 73.622 GC heap after
{Heap after GC invocations=61 (full 0):
 garbage-first heap   total 229376K, used 124071K [0x0000000700000000, 0x0000000800000000)
  region size 2048K, 4 young (8192K), 4 survivors (8192K)
 Metaspace       used 101929K, committed 102592K, reserved 1138688K
  class space    used 13652K, committed 14016K, reserved 1048576K
}
Event: 73.688 GC heap before
{Heap before GC invocations=61 (full 0):
 garbage-first heap   total 229376K, used 124071K [0x0000000700000000, 0x0000000800000000)
  region size 2048K, 5 young (10240K), 4 survivors (8192K)
 Metaspace       used 102043K, committed 102720K, reserved 1138688K
  class space    used 13667K, committed 14016K, reserved 1048576K
}
Event: 73.705 GC heap after
{Heap after GC invocations=62 (full 0):
 garbage-first heap   total 229376K, used 118497K [0x0000000700000000, 0x0000000800000000)
  region size 2048K, 1 young (2048K), 1 survivors (2048K)
 Metaspace       used 102043K, committed 102720K, reserved 1138688K
  class space    used 13667K, committed 14016K, reserved 1048576K
}
Event: 82.630 GC heap before
{Heap before GC invocations=62 (full 0):
 garbage-first heap   total 229376K, used 177889K [0x0000000700000000, 0x0000000800000000)
  region size 2048K, 31 young (63488K), 1 survivors (2048K)
 Metaspace       used 103371K, committed 104064K, reserved 1146880K
  class space    used 13834K, committed 14144K, reserved 1048576K
}
Event: 82.649 GC heap after
{Heap after GC invocations=63 (full 0):
 garbage-first heap   total 229376K, used 126751K [0x0000000700000000, 0x0000000800000000)
  region size 2048K, 4 young (8192K), 4 survivors (8192K)
 Metaspace       used 103371K, committed 104064K, reserved 1146880K
  class space    used 13834K, committed 14144K, reserved 1048576K
}
Event: 84.616 GC heap before
{Heap before GC invocations=64 (full 0):
 garbage-first heap   total 229376K, used 175903K [0x0000000700000000, 0x0000000800000000)
  region size 2048K, 31 young (63488K), 4 survivors (8192K)
 Metaspace       used 104882K, committed 105600K, reserved 1146880K
  class space    used 14007K, committed 14336K, reserved 1048576K
}
Event: 84.648 GC heap after
{Heap after GC invocations=65 (full 0):
 garbage-first heap   total 229376K, used 125880K [0x0000000700000000, 0x0000000800000000)
  region size 2048K, 3 young (6144K), 3 survivors (6144K)
 Metaspace       used 104882K, committed 105600K, reserved 1146880K
  class space    used 14007K, committed 14336K, reserved 1048576K
}
Event: 84.778 GC heap before
{Heap before GC invocations=65 (full 0):
 garbage-first heap   total 229376K, used 129976K [0x0000000700000000, 0x0000000800000000)
  region size 2048K, 5 young (10240K), 3 survivors (6144K)
 Metaspace       used 104895K, committed 105600K, reserved 1146880K
  class space    used 14007K, committed 14336K, reserved 1048576K
}
Event: 84.800 GC heap after
{Heap after GC invocations=66 (full 0):
 garbage-first heap   total 229376K, used 120641K [0x0000000700000000, 0x0000000800000000)
  region size 2048K, 1 young (2048K), 1 survivors (2048K)
 Metaspace       used 104895K, committed 105600K, reserved 1146880K
  class space    used 14007K, committed 14336K, reserved 1048576K
}
Event: 91.280 GC heap before
{Heap before GC invocations=66 (full 0):
 garbage-first heap   total 229376K, used 153409K [0x0000000700000000, 0x0000000800000000)
  region size 2048K, 19 young (38912K), 1 survivors (2048K)
 Metaspace       used 111668K, committed 112320K, reserved 1146880K
  class space    used 14870K, committed 15168K, reserved 1048576K
}
Event: 91.291 GC heap after
{Heap after GC invocations=67 (full 0):
 garbage-first heap   total 229376K, used 123309K [0x0000000700000000, 0x0000000800000000)
  region size 2048K, 2 young (4096K), 2 survivors (4096K)
 Metaspace       used 111668K, committed 112320K, reserved 1146880K
  class space    used 14870K, committed 15168K, reserved 1048576K
}
Event: 96.916 GC heap before
{Heap before GC invocations=68 (full 0):
 garbage-first heap   total 229376K, used 184749K [0x0000000700000000, 0x0000000800000000)
  region size 2048K, 31 young (63488K), 2 survivors (4096K)
 Metaspace       used 113995K, committed 114752K, reserved 1155072K
  class space    used 15163K, committed 15488K, reserved 1048576K
}
Event: 96.924 GC heap after
{Heap after GC invocations=69 (full 0):
 garbage-first heap   total 229376K, used 125799K [0x0000000700000000, 0x0000000800000000)
  region size 2048K, 2 young (4096K), 2 survivors (4096K)
 Metaspace       used 113995K, committed 114752K, reserved 1155072K
  class space    used 15163K, committed 15488K, reserved 1048576K
}
Event: 97.360 GC heap before
{Heap before GC invocations=69 (full 0):
 garbage-first heap   total 229376K, used 129895K [0x0000000700000000, 0x0000000800000000)
  region size 2048K, 5 young (10240K), 2 survivors (4096K)
 Metaspace       used 114886K, committed 115584K, reserved 1155072K
  class space    used 15296K, committed 15616K, reserved 1048576K
}
Event: 97.377 GC heap after
{Heap after GC invocations=70 (full 0):
 garbage-first heap   total 229376K, used 119160K [0x0000000700000000, 0x0000000800000000)
  region size 2048K, 1 young (2048K), 1 survivors (2048K)
 Metaspace       used 114886K, committed 115584K, reserved 1155072K
  class space    used 15296K, committed 15616K, reserved 1048576K
}

