# JRE version: OpenJDK Runtime Environment (17.0.6) (build 17.0.6+0-b2043.56-10027231)
# Java VM: OpenJDK 64-Bit Server VM (17.0.6+0-b2043.56-10027231, mixed mode, tiered, compressed oops, compressed class ptrs, g1 gc, windows-amd64)
GC Precious Log:
 CPUs: 4 total, 4 available
 Memory: 6020M
 Large Page Support: Disabled
 NUMA Support: Disabled
 Compressed Oops: Enabled (Zero based)
 Heap Region Size: 2M
 Heap Min Capacity: 8M
 Heap Initial Capacity: 96M
 Heap Max Capacity: 4G
 Pre-touch: Disabled
 Parallel Workers: 4
 Concurrent Workers: 1
 Concurrent Refinement Workers: 4
 Periodic GC: Disabled
Heap:
 garbage-first heap   total 716800K, used 221341K [0x0000000700000000, 0x0000000800000000)
  region size 2048K, 3 young (6144K), 3 survivors (6144K)
 Metaspace       used 138446K, committed 139520K, reserved 1171456K
  class space    used 18355K, committed 18880K, reserved 1048576K
GC Heap History (20 events):
Event: 3854.182 GC heap after
{Heap after GC invocations=55 (full 0):
 garbage-first heap   total 1175552K, used 267636K [0x0000000700000000, 0x0000000800000000)
  region size 2048K, 5 young (10240K), 5 survivors (10240K)
 Metaspace       used 133649K, committed 134592K, reserved 1171456K
  class space    used 18063K, committed 18496K, reserved 1048576K
}
Event: 3857.962 GC heap before
{Heap before GC invocations=56 (full 0):
 garbage-first heap   total 956416K, used 454004K [0x0000000700000000, 0x0000000800000000)
  region size 2048K, 96 young (196608K), 5 survivors (10240K)
 Metaspace       used 134814K, committed 135744K, reserved 1171456K
  class space    used 18164K, committed 18624K, reserved 1048576K
}
Event: 3858.075 GC heap after
{Heap after GC invocations=57 (full 0):
 garbage-first heap   total 956416K, used 293945K [0x0000000700000000, 0x0000000800000000)
  region size 2048K, 12 young (24576K), 12 survivors (24576K)
 Metaspace       used 134814K, committed 135744K, reserved 1171456K
  class space    used 18164K, committed 18624K, reserved 1048576K
}
Event: 3858.426 GC heap before
{Heap before GC invocations=57 (full 0):
 garbage-first heap   total 956416K, used 314425K [0x0000000700000000, 0x0000000800000000)
  region size 2048K, 23 young (47104K), 12 survivors (24576K)
 Metaspace       used 134823K, committed 135808K, reserved 1171456K
  class space    used 18167K, committed 18624K, reserved 1048576K
}
Event: 3858.714 GC heap after
{Heap after GC invocations=58 (full 0):
 garbage-first heap   total 956416K, used 287729K [0x0000000700000000, 0x0000000800000000)
  region size 2048K, 3 young (6144K), 3 survivors (6144K)
 Metaspace       used 134823K, committed 135808K, reserved 1171456K
  class space    used 18167K, committed 18624K, reserved 1048576K
}
Event: 3858.897 GC heap before
{Heap before GC invocations=58 (full 0):
 garbage-first heap   total 956416K, used 289777K [0x0000000700000000, 0x0000000800000000)
  region size 2048K, 5 young (10240K), 3 survivors (6144K)
 Metaspace       used 134872K, committed 135808K, reserved 1171456K
  class space    used 18167K, committed 18624K, reserved 1048576K
}
Event: 3858.951 GC heap after
{Heap after GC invocations=59 (full 0):
 garbage-first heap   total 956416K, used 287952K [0x0000000700000000, 0x0000000800000000)
  region size 2048K, 3 young (6144K), 3 survivors (6144K)
 Metaspace       used 134872K, committed 135808K, reserved 1171456K
  class space    used 18167K, committed 18624K, reserved 1048576K
}
Event: 3862.489 GC heap before
{Heap before GC invocations=60 (full 0):
 garbage-first heap   total 956416K, used 494800K [0x0000000700000000, 0x0000000800000000)
  region size 2048K, 88 young (180224K), 3 survivors (6144K)
 Metaspace       used 136820K, committed 137728K, reserved 1171456K
  class space    used 18243K, committed 18688K, reserved 1048576K
}
Event: 3862.514 GC heap after
{Heap after GC invocations=61 (full 0):
 garbage-first heap   total 956416K, used 293612K [0x0000000700000000, 0x0000000800000000)
  region size 2048K, 6 young (12288K), 6 survivors (12288K)
 Metaspace       used 136820K, committed 137728K, reserved 1171456K
  class space    used 18243K, committed 18688K, reserved 1048576K
}
Event: 3863.807 GC heap before
{Heap before GC invocations=61 (full 0):
 garbage-first heap   total 956416K, used 326380K [0x0000000700000000, 0x0000000800000000)
  region size 2048K, 23 young (47104K), 6 survivors (12288K)
 Metaspace       used 136918K, committed 137792K, reserved 1171456K
  class space    used 18245K, committed 18688K, reserved 1048576K
}
Event: 3863.845 GC heap after
{Heap after GC invocations=62 (full 0):
 garbage-first heap   total 956416K, used 277421K [0x0000000700000000, 0x0000000800000000)
  region size 2048K, 1 young (2048K), 1 survivors (2048K)
 Metaspace       used 136918K, committed 137792K, reserved 1171456K
  class space    used 18245K, committed 18688K, reserved 1048576K
}
Event: 3864.039 GC heap before
{Heap before GC invocations=62 (full 0):
 garbage-first heap   total 956416K, used 312237K [0x0000000700000000, 0x0000000800000000)
  region size 2048K, 19 young (38912K), 1 survivors (2048K)
 Metaspace       used 136960K, committed 137920K, reserved 1171456K
  class space    used 18246K, committed 18688K, reserved 1048576K
}
Event: 3864.049 GC heap after
{Heap after GC invocations=63 (full 0):
 garbage-first heap   total 956416K, used 283380K [0x0000000700000000, 0x0000000800000000)
  region size 2048K, 4 young (8192K), 4 survivors (8192K)
 Metaspace       used 136960K, committed 137920K, reserved 1171456K
  class space    used 18246K, committed 18688K, reserved 1048576K
}
Event: 4271.168 GC heap before
{Heap before GC invocations=64 (full 0):
 garbage-first heap   total 716800K, used 643828K [0x0000000700000000, 0x0000000800000000)
  region size 2048K, 176 young (360448K), 4 survivors (8192K)
 Metaspace       used 138397K, committed 139456K, reserved 1171456K
  class space    used 18355K, committed 18880K, reserved 1048576K
}
Event: 4271.631 GC heap after
{Heap after GC invocations=65 (full 0):
 garbage-first heap   total 716800K, used 248456K [0x0000000700000000, 0x0000000800000000)
  region size 2048K, 14 young (28672K), 14 survivors (28672K)
 Metaspace       used 138397K, committed 139456K, reserved 1171456K
  class space    used 18355K, committed 18880K, reserved 1048576K
}
Event: 4271.945 GC heap before
{Heap before GC invocations=65 (full 0):
 garbage-first heap   total 716800K, used 254600K [0x0000000700000000, 0x0000000800000000)
  region size 2048K, 17 young (34816K), 14 survivors (28672K)
 Metaspace       used 138403K, committed 139520K, reserved 1171456K
  class space    used 18355K, committed 18880K, reserved 1048576K
}
Event: 4272.678 GC heap after
{Heap after GC invocations=66 (full 0):
 garbage-first heap   total 716800K, used 196681K [0x0000000700000000, 0x0000000800000000)
  region size 2048K, 3 young (6144K), 3 survivors (6144K)
 Metaspace       used 138403K, committed 139520K, reserved 1171456K
  class space    used 18355K, committed 18880K, reserved 1048576K
}
Event: 4272.971 GC heap before
{Heap before GC invocations=66 (full 0):
 garbage-first heap   total 716800K, used 223305K [0x0000000700000000, 0x0000000800000000)
  region size 2048K, 17 young (34816K), 3 survivors (6144K)
 Metaspace       used 138409K, committed 139520K, reserved 1171456K
  class space    used 18355K, committed 18880K, reserved 1048576K
}
Event: 4273.041 GC heap after
{Heap after GC invocations=67 (full 0):
 garbage-first heap   total 716800K, used 206815K [0x0000000700000000, 0x0000000800000000)
  region size 2048K, 3 young (6144K), 3 survivors (6144K)
 Metaspace       used 138409K, committed 139520K, reserved 1171456K
  class space    used 18355K, committed 18880K, reserved 1048576K
}
Event: 4273.603 GC heap before
{Heap before GC invocations=67 (full 0):
 garbage-first heap   total 716800K, used 233439K [0x0000000700000000, 0x0000000800000000)
  region size 2048K, 17 young (34816K), 3 survivors (6144K)
 Metaspace       used 138446K, committed 139520K, reserved 1171456K
  class space    used 18355K, committed 18880K, reserved 1048576K
}

