# JRE version: OpenJDK Runtime Environment (17.0.6) (build 17.0.6+0-b2043.56-10027231)
# Java VM: OpenJDK 64-Bit Server VM (17.0.6+0-b2043.56-10027231, mixed mode, tiered, compressed oops, compressed class ptrs, g1 gc, windows-amd64)
GC Precious Log:
 CPUs: 4 total, 4 available
 Memory: 10116M
 Large Page Support: Disabled
 NUMA Support: Disabled
 Compressed Oops: Enabled (Zero based)
 Heap Region Size: 2M
 Heap Min Capacity: 8M
 Heap Initial Capacity: 160M
 Heap Max Capacity: 4G
 Pre-touch: Disabled
 Parallel Workers: 4
 Concurrent Workers: 1
 Concurrent Refinement Workers: 4
 Periodic GC: Disabled
Heap:
 garbage-first heap   total 788480K, used 503076K [0x0000000700000000, 0x0000000800000000)
  region size 2048K, 10 young (20480K), 10 survivors (20480K)
 Metaspace       used 158574K, committed 160064K, reserved 1196032K
  class space    used 20391K, committed 21120K, reserved 1048576K
GC Heap History (20 events):
Event: 1934.613 GC heap after
{Heap after GC invocations=65 (full 0):
 garbage-first heap   total 788480K, used 357383K [0x0000000700000000, 0x0000000800000000)
  region size 2048K, 11 young (22528K), 11 survivors (22528K)
 Metaspace       used 152767K, committed 153920K, reserved 1187840K
  class space    used 19821K, committed 20416K, reserved 1048576K
}
Event: 2031.283 GC heap before
{Heap before GC invocations=65 (full 0):
 garbage-first heap   total 788480K, used 670727K [0x0000000700000000, 0x0000000800000000)
  region size 2048K, 136 young (278528K), 11 survivors (22528K)
 Metaspace       used 155344K, committed 156544K, reserved 1187840K
  class space    used 20089K, committed 20672K, reserved 1048576K
}
Event: 2031.309 GC heap after
{Heap after GC invocations=66 (full 0):
 garbage-first heap   total 788480K, used 346820K [0x0000000700000000, 0x0000000800000000)
  region size 2048K, 6 young (12288K), 6 survivors (12288K)
 Metaspace       used 155344K, committed 156544K, reserved 1187840K
  class space    used 20089K, committed 20672K, reserved 1048576K
}
Event: 2129.985 GC heap before
{Heap before GC invocations=66 (full 0):
 garbage-first heap   total 788480K, used 670404K [0x0000000700000000, 0x0000000800000000)
  region size 2048K, 141 young (288768K), 6 survivors (12288K)
 Metaspace       used 155996K, committed 157248K, reserved 1187840K
  class space    used 20133K, committed 20736K, reserved 1048576K
}
Event: 2130.018 GC heap after
{Heap after GC invocations=67 (full 0):
 garbage-first heap   total 788480K, used 352405K [0x0000000700000000, 0x0000000800000000)
  region size 2048K, 9 young (18432K), 9 survivors (18432K)
 Metaspace       used 155996K, committed 157248K, reserved 1187840K
  class space    used 20133K, committed 20736K, reserved 1048576K
}
Event: 2621.098 GC heap before
{Heap before GC invocations=67 (full 0):
 garbage-first heap   total 788480K, used 696469K [0x0000000700000000, 0x0000000800000000)
  region size 2048K, 147 young (301056K), 9 survivors (18432K)
 Metaspace       used 156436K, committed 157632K, reserved 1187840K
  class space    used 20141K, committed 20736K, reserved 1048576K
}
Event: 2621.115 GC heap after
{Heap after GC invocations=68 (full 0):
 garbage-first heap   total 788480K, used 338843K [0x0000000700000000, 0x0000000800000000)
  region size 2048K, 2 young (4096K), 2 survivors (4096K)
 Metaspace       used 156436K, committed 157632K, reserved 1187840K
  class space    used 20141K, committed 20736K, reserved 1048576K
}
Event: 3716.723 GC heap before
{Heap before GC invocations=68 (full 0):
 garbage-first heap   total 788480K, used 664475K [0x0000000700000000, 0x0000000800000000)
  region size 2048K, 154 young (315392K), 2 survivors (4096K)
 Metaspace       used 157974K, committed 159488K, reserved 1187840K
  class space    used 20327K, committed 21056K, reserved 1048576K
}
Event: 3716.798 GC heap after
{Heap after GC invocations=69 (full 0):
 garbage-first heap   total 788480K, used 351823K [0x0000000700000000, 0x0000000800000000)
  region size 2048K, 8 young (16384K), 8 survivors (16384K)
 Metaspace       used 157974K, committed 159488K, reserved 1187840K
  class space    used 20327K, committed 21056K, reserved 1048576K
}
Event: 3719.196 GC heap before
{Heap before GC invocations=69 (full 0):
 garbage-first heap   total 788480K, used 683599K [0x0000000700000000, 0x0000000800000000)
  region size 2048K, 155 young (317440K), 8 survivors (16384K)
 Metaspace       used 158082K, committed 159552K, reserved 1196032K
  class space    used 20332K, committed 21056K, reserved 1048576K
}
Event: 3719.559 GC heap after
{Heap after GC invocations=70 (full 0):
 garbage-first heap   total 788480K, used 441138K [0x0000000700000000, 0x0000000800000000)
  region size 2048K, 20 young (40960K), 20 survivors (40960K)
 Metaspace       used 158082K, committed 159552K, reserved 1196032K
  class space    used 20332K, committed 21056K, reserved 1048576K
}
Event: 3719.892 GC heap before
{Heap before GC invocations=70 (full 0):
 garbage-first heap   total 788480K, used 457522K [0x0000000700000000, 0x0000000800000000)
  region size 2048K, 29 young (59392K), 20 survivors (40960K)
 Metaspace       used 158084K, committed 159552K, reserved 1196032K
  class space    used 20332K, committed 21056K, reserved 1048576K
}
Event: 3720.489 GC heap after
{Heap after GC invocations=71 (full 0):
 garbage-first heap   total 788480K, used 449152K [0x0000000700000000, 0x0000000800000000)
  region size 2048K, 3 young (6144K), 3 survivors (6144K)
 Metaspace       used 158084K, committed 159552K, reserved 1196032K
  class space    used 20332K, committed 21056K, reserved 1048576K
}
Event: 3721.441 GC heap before
{Heap before GC invocations=71 (full 0):
 garbage-first heap   total 788480K, used 486016K [0x0000000700000000, 0x0000000800000000)
  region size 2048K, 19 young (38912K), 3 survivors (6144K)
 Metaspace       used 158088K, committed 159552K, reserved 1196032K
  class space    used 20332K, committed 21056K, reserved 1048576K
}
Event: 3721.466 GC heap after
{Heap after GC invocations=72 (full 0):
 garbage-first heap   total 788480K, used 456192K [0x0000000700000000, 0x0000000800000000)
  region size 2048K, 3 young (6144K), 3 survivors (6144K)
 Metaspace       used 158088K, committed 159552K, reserved 1196032K
  class space    used 20332K, committed 21056K, reserved 1048576K
}
Event: 3722.045 GC heap before
{Heap before GC invocations=72 (full 0):
 garbage-first heap   total 788480K, used 488960K [0x0000000700000000, 0x0000000800000000)
  region size 2048K, 19 young (38912K), 3 survivors (6144K)
 Metaspace       used 158090K, committed 159552K, reserved 1196032K
  class space    used 20332K, committed 21056K, reserved 1048576K
}
Event: 3722.067 GC heap after
{Heap after GC invocations=73 (full 0):
 garbage-first heap   total 788480K, used 463080K [0x0000000700000000, 0x0000000800000000)
  region size 2048K, 3 young (6144K), 3 survivors (6144K)
 Metaspace       used 158090K, committed 159552K, reserved 1196032K
  class space    used 20332K, committed 21056K, reserved 1048576K
}
Event: 3722.490 GC heap before
{Heap before GC invocations=73 (full 0):
 garbage-first heap   total 788480K, used 561384K [0x0000000700000000, 0x0000000800000000)
  region size 2048K, 50 young (102400K), 3 survivors (6144K)
 Metaspace       used 158127K, committed 159616K, reserved 1196032K
  class space    used 20332K, committed 21056K, reserved 1048576K
}
Event: 3722.507 GC heap after
{Heap after GC invocations=74 (full 0):
 garbage-first heap   total 788480K, used 478685K [0x0000000700000000, 0x0000000800000000)
  region size 2048K, 7 young (14336K), 7 survivors (14336K)
 Metaspace       used 158127K, committed 159616K, reserved 1196032K
  class space    used 20332K, committed 21056K, reserved 1048576K
}
Event: 3723.508 GC heap before
{Heap before GC invocations=74 (full 0):
 garbage-first heap   total 788480K, used 650717K [0x0000000700000000, 0x0000000800000000)
  region size 2048K, 85 young (174080K), 7 survivors (14336K)
 Metaspace       used 158574K, committed 160064K, reserved 1196032K
  class space    used 20391K, committed 21120K, reserved 1048576K
}

