# JRE version: OpenJDK Runtime Environment (17.0.6) (build 17.0.6+0-b2043.56-10027231)
# Java VM: OpenJDK 64-Bit Server VM (17.0.6+0-b2043.56-10027231, mixed mode, tiered, compressed oops, compressed class ptrs, g1 gc, windows-amd64)
GC Precious Log:
 CPUs: 4 total, 4 available
 Memory: 6020M
 Large Page Support: Disabled
 NUMA Support: Disabled
 Compressed Oops: Enabled (Zero based)
 Heap Region Size: 2M
 Heap Min Capacity: 8M
 Heap Initial Capacity: 96M
 Heap Max Capacity: 4G
 Pre-touch: Disabled
 Parallel Workers: 4
 Concurrent Workers: 1
 Concurrent Refinement Workers: 4
 Periodic GC: Disabled
Heap:
 garbage-first heap   total 966656K, used 284672K [0x0000000700000000, 0x0000000800000000)
  region size 2048K, 3 young (6144K), 3 survivors (6144K)
 Metaspace       used 119689K, committed 120640K, reserved 1155072K
  class space    used 15984K, committed 16448K, reserved 1048576K
GC Heap History (20 events):
Event: 378.221 GC heap after
{Heap after GC invocations=57 (full 0):
 garbage-first heap   total 806912K, used 236174K [0x0000000700000000, 0x0000000800000000)
  region size 2048K, 3 young (6144K), 3 survivors (6144K)
 Metaspace       used 107707K, committed 108544K, reserved 1146880K
  class space    used 14606K, committed 14976K, reserved 1048576K
}
Event: 380.306 GC heap before
{Heap before GC invocations=57 (full 0):
 garbage-first heap   total 806912K, used 289422K [0x0000000700000000, 0x0000000800000000)
  region size 2048K, 31 young (63488K), 3 survivors (6144K)
 Metaspace       used 108703K, committed 109504K, reserved 1146880K
  class space    used 14726K, committed 15104K, reserved 1048576K
}
Event: 380.331 GC heap after
{Heap after GC invocations=58 (full 0):
 garbage-first heap   total 806912K, used 241197K [0x0000000700000000, 0x0000000800000000)
  region size 2048K, 5 young (10240K), 5 survivors (10240K)
 Metaspace       used 108703K, committed 109504K, reserved 1146880K
  class space    used 14726K, committed 15104K, reserved 1048576K
}
Event: 382.180 GC heap before
{Heap before GC invocations=59 (full 0):
 garbage-first heap   total 806912K, used 261677K [0x0000000700000000, 0x0000000800000000)
  region size 2048K, 19 young (38912K), 5 survivors (10240K)
 Metaspace       used 108942K, committed 109760K, reserved 1146880K
  class space    used 14758K, committed 15104K, reserved 1048576K
}
Event: 382.213 GC heap after
{Heap after GC invocations=60 (full 0):
 garbage-first heap   total 806912K, used 236636K [0x0000000700000000, 0x0000000800000000)
  region size 2048K, 3 young (6144K), 3 survivors (6144K)
 Metaspace       used 108942K, committed 109760K, reserved 1146880K
  class space    used 14758K, committed 15104K, reserved 1048576K
}
Event: 384.104 GC heap before
{Heap before GC invocations=60 (full 0):
 garbage-first heap   total 806912K, used 271452K [0x0000000700000000, 0x0000000800000000)
  region size 2048K, 19 young (38912K), 3 survivors (6144K)
 Metaspace       used 109101K, committed 109888K, reserved 1146880K
  class space    used 14772K, committed 15104K, reserved 1048576K
}
Event: 384.136 GC heap after
{Heap after GC invocations=61 (full 0):
 garbage-first heap   total 806912K, used 238592K [0x0000000700000000, 0x0000000800000000)
  region size 2048K, 3 young (6144K), 3 survivors (6144K)
 Metaspace       used 109101K, committed 109888K, reserved 1146880K
  class space    used 14772K, committed 15104K, reserved 1048576K
}
Event: 385.746 GC heap before
{Heap before GC invocations=61 (full 0):
 garbage-first heap   total 806912K, used 279552K [0x0000000700000000, 0x0000000800000000)
  region size 2048K, 25 young (51200K), 3 survivors (6144K)
 Metaspace       used 109678K, committed 110592K, reserved 1146880K
  class space    used 14844K, committed 15296K, reserved 1048576K
}
Event: 385.760 GC heap after
{Heap after GC invocations=62 (full 0):
 garbage-first heap   total 806912K, used 244032K [0x0000000700000000, 0x0000000800000000)
  region size 2048K, 5 young (10240K), 5 survivors (10240K)
 Metaspace       used 109678K, committed 110592K, reserved 1146880K
  class space    used 14844K, committed 15296K, reserved 1048576K
}
Event: 400.681 GC heap before
{Heap before GC invocations=63 (full 0):
 garbage-first heap   total 806912K, used 479552K [0x0000000700000000, 0x0000000800000000)
  region size 2048K, 101 young (206848K), 5 survivors (10240K)
 Metaspace       used 111568K, committed 112384K, reserved 1146880K
  class space    used 15051K, committed 15488K, reserved 1048576K
}
Event: 400.754 GC heap after
{Heap after GC invocations=64 (full 0):
 garbage-first heap   total 806912K, used 251152K [0x0000000700000000, 0x0000000800000000)
  region size 2048K, 8 young (16384K), 8 survivors (16384K)
 Metaspace       used 111568K, committed 112384K, reserved 1146880K
  class space    used 15051K, committed 15488K, reserved 1048576K
}
Event: 401.349 GC heap before
{Heap before GC invocations=64 (full 0):
 garbage-first heap   total 806912K, used 273680K [0x0000000700000000, 0x0000000800000000)
  region size 2048K, 19 young (38912K), 8 survivors (16384K)
 Metaspace       used 112898K, committed 113792K, reserved 1155072K
  class space    used 15236K, committed 15680K, reserved 1048576K
}
Event: 401.588 GC heap after
{Heap after GC invocations=65 (full 0):
 garbage-first heap   total 806912K, used 247698K [0x0000000700000000, 0x0000000800000000)
  region size 2048K, 3 young (6144K), 3 survivors (6144K)
 Metaspace       used 112898K, committed 113792K, reserved 1155072K
  class space    used 15236K, committed 15680K, reserved 1048576K
}
Event: 402.825 GC heap before
{Heap before GC invocations=65 (full 0):
 garbage-first heap   total 806912K, used 276370K [0x0000000700000000, 0x0000000800000000)
  region size 2048K, 18 young (36864K), 3 survivors (6144K)
 Metaspace       used 115670K, committed 116544K, reserved 1155072K
  class space    used 15621K, committed 16064K, reserved 1048576K
}
Event: 402.853 GC heap after
{Heap after GC invocations=66 (full 0):
 garbage-first heap   total 806912K, used 252050K [0x0000000700000000, 0x0000000800000000)
  region size 2048K, 6 young (12288K), 6 survivors (12288K)
 Metaspace       used 115670K, committed 116544K, reserved 1155072K
  class space    used 15621K, committed 16064K, reserved 1048576K
}
Event: 653.282 GC heap before
{Heap before GC invocations=67 (full 0):
 garbage-first heap   total 806912K, used 692370K [0x0000000700000000, 0x0000000800000000)
  region size 2048K, 201 young (411648K), 6 survivors (12288K)
 Metaspace       used 119687K, committed 120640K, reserved 1155072K
  class space    used 15984K, committed 16448K, reserved 1048576K
}
Event: 654.600 GC heap after
{Heap after GC invocations=68 (full 0):
 garbage-first heap   total 806912K, used 302130K [0x0000000700000000, 0x0000000800000000)
  region size 2048K, 26 young (53248K), 26 survivors (53248K)
 Metaspace       used 119687K, committed 120640K, reserved 1155072K
  class space    used 15984K, committed 16448K, reserved 1048576K
}
Event: 655.509 GC heap before
{Heap before GC invocations=68 (full 0):
 garbage-first heap   total 806912K, used 304178K [0x0000000700000000, 0x0000000800000000)
  region size 2048K, 27 young (55296K), 26 survivors (53248K)
 Metaspace       used 119689K, committed 120640K, reserved 1155072K
  class space    used 15984K, committed 16448K, reserved 1048576K
}
Event: 656.222 GC heap after
{Heap after GC invocations=69 (full 0):
 garbage-first heap   total 806912K, used 268194K [0x0000000700000000, 0x0000000800000000)
  region size 2048K, 2 young (4096K), 2 survivors (4096K)
 Metaspace       used 119689K, committed 120640K, reserved 1155072K
  class space    used 15984K, committed 16448K, reserved 1048576K
}
Event: 656.690 GC heap before
{Heap before GC invocations=69 (full 0):
 garbage-first heap   total 806912K, used 303010K [0x0000000700000000, 0x0000000800000000)
  region size 2048K, 19 young (38912K), 2 survivors (4096K)
 Metaspace       used 119689K, committed 120640K, reserved 1155072K
  class space    used 15984K, committed 16448K, reserved 1048576K
}

