# JRE version: OpenJDK Runtime Environment (17.0.6) (build 17.0.6+0-b2043.56-10027231)
# Java VM: OpenJDK 64-Bit Server VM (17.0.6+0-b2043.56-10027231, mixed mode, tiered, compressed oops, compressed class ptrs, g1 gc, windows-amd64)
GC Precious Log:
 CPUs: 4 total, 4 available
 Memory: 6020M
 Large Page Support: Disabled
 NUMA Support: Disabled
 Compressed Oops: Enabled (Zero based)
 Heap Region Size: 2M
 Heap Min Capacity: 8M
 Heap Initial Capacity: 96M
 Heap Max Capacity: 4G
 Pre-touch: Disabled
 Parallel Workers: 4
 Concurrent Workers: 1
 Concurrent Refinement Workers: 4
 Periodic GC: Disabled
Heap:
 garbage-first heap   total 153600K, used 101652K [0x0000000700000000, 0x0000000800000000)
  region size 2048K, 10 young (20480K), 3 survivors (6144K)
 Metaspace       used 85873K, committed 86528K, reserved 1130496K
  class space    used 11699K, committed 11968K, reserved 1048576K
GC Heap History (20 events):
Event: 18.123 GC heap before
{Heap before GC invocations=25 (full 0):
 garbage-first heap   total 120832K, used 81042K [0x0000000700000000, 0x0000000800000000)
  region size 2048K, 12 young (24576K), 2 survivors (4096K)
 Metaspace       used 67555K, committed 68096K, reserved 1114112K
  class space    used 8919K, committed 9152K, reserved 1048576K
}
Event: 18.130 GC heap after
{Heap after GC invocations=26 (full 0):
 garbage-first heap   total 120832K, used 62650K [0x0000000700000000, 0x0000000800000000)
  region size 2048K, 2 young (4096K), 2 survivors (4096K)
 Metaspace       used 67555K, committed 68096K, reserved 1114112K
  class space    used 8919K, committed 9152K, reserved 1048576K
}
Event: 19.098 GC heap before
{Heap before GC invocations=26 (full 0):
 garbage-first heap   total 120832K, used 97466K [0x0000000700000000, 0x0000000800000000)
  region size 2048K, 19 young (38912K), 2 survivors (4096K)
 Metaspace       used 71681K, committed 72128K, reserved 1114112K
  class space    used 9620K, committed 9792K, reserved 1048576K
}
Event: 19.112 GC heap after
{Heap after GC invocations=27 (full 0):
 garbage-first heap   total 120832K, used 64206K [0x0000000700000000, 0x0000000800000000)
  region size 2048K, 2 young (4096K), 2 survivors (4096K)
 Metaspace       used 71681K, committed 72128K, reserved 1114112K
  class space    used 9620K, committed 9792K, reserved 1048576K
}
Event: 20.192 GC heap before
{Heap before GC invocations=28 (full 0):
 garbage-first heap   total 120832K, used 96974K [0x0000000700000000, 0x0000000800000000)
  region size 2048K, 18 young (36864K), 2 survivors (4096K)
 Metaspace       used 75084K, committed 75648K, reserved 1122304K
  class space    used 10147K, committed 10432K, reserved 1048576K
}
Event: 20.201 GC heap after
{Heap after GC invocations=29 (full 0):
 garbage-first heap   total 120832K, used 66989K [0x0000000700000000, 0x0000000800000000)
  region size 2048K, 3 young (6144K), 3 survivors (6144K)
 Metaspace       used 75084K, committed 75648K, reserved 1122304K
  class space    used 10147K, committed 10432K, reserved 1048576K
}
Event: 20.871 GC heap before
{Heap before GC invocations=29 (full 0):
 garbage-first heap   total 120832K, used 97709K [0x0000000700000000, 0x0000000800000000)
  region size 2048K, 18 young (36864K), 3 survivors (6144K)
 Metaspace       used 78368K, committed 78976K, reserved 1122304K
  class space    used 10669K, committed 10944K, reserved 1048576K
}
Event: 20.882 GC heap after
{Heap after GC invocations=30 (full 0):
 garbage-first heap   total 145408K, used 68729K [0x0000000700000000, 0x0000000800000000)
  region size 2048K, 3 young (6144K), 3 survivors (6144K)
 Metaspace       used 78368K, committed 78976K, reserved 1122304K
  class space    used 10669K, committed 10944K, reserved 1048576K
}
Event: 22.019 GC heap before
{Heap before GC invocations=31 (full 0):
 garbage-first heap   total 145408K, used 115833K [0x0000000700000000, 0x0000000800000000)
  region size 2048K, 26 young (53248K), 3 survivors (6144K)
 Metaspace       used 82221K, committed 82816K, reserved 1122304K
  class space    used 11176K, committed 11456K, reserved 1048576K
}
Event: 22.033 GC heap after
{Heap after GC invocations=32 (full 0):
 garbage-first heap   total 145408K, used 73796K [0x0000000700000000, 0x0000000800000000)
  region size 2048K, 4 young (8192K), 4 survivors (8192K)
 Metaspace       used 82221K, committed 82816K, reserved 1122304K
  class space    used 11176K, committed 11456K, reserved 1048576K
}
Event: 22.769 GC heap before
{Heap before GC invocations=32 (full 0):
 garbage-first heap   total 145408K, used 114756K [0x0000000700000000, 0x0000000800000000)
  region size 2048K, 24 young (49152K), 4 survivors (8192K)
 Metaspace       used 83934K, committed 84480K, reserved 1122304K
  class space    used 11516K, committed 11776K, reserved 1048576K
}
Event: 22.784 GC heap after
{Heap after GC invocations=33 (full 0):
 garbage-first heap   total 145408K, used 79870K [0x0000000700000000, 0x0000000800000000)
  region size 2048K, 3 young (6144K), 3 survivors (6144K)
 Metaspace       used 83934K, committed 84480K, reserved 1122304K
  class space    used 11516K, committed 11776K, reserved 1048576K
}
Event: 23.791 GC heap before
{Heap before GC invocations=34 (full 0):
 garbage-first heap   total 145408K, used 114686K [0x0000000700000000, 0x0000000800000000)
  region size 2048K, 21 young (43008K), 3 survivors (6144K)
 Metaspace       used 84644K, committed 85248K, reserved 1130496K
  class space    used 11608K, committed 11904K, reserved 1048576K
}
Event: 23.804 GC heap after
{Heap after GC invocations=35 (full 0):
 garbage-first heap   total 145408K, used 83586K [0x0000000700000000, 0x0000000800000000)
  region size 2048K, 2 young (4096K), 2 survivors (4096K)
 Metaspace       used 84644K, committed 85248K, reserved 1130496K
  class space    used 11608K, committed 11904K, reserved 1048576K
}
Event: 24.698 GC heap before
{Heap before GC invocations=35 (full 0):
 garbage-first heap   total 145408K, used 116354K [0x0000000700000000, 0x0000000800000000)
  region size 2048K, 19 young (38912K), 2 survivors (4096K)
 Metaspace       used 85184K, committed 85824K, reserved 1130496K
  class space    used 11646K, committed 11968K, reserved 1048576K
}
Event: 24.708 GC heap after
{Heap after GC invocations=36 (full 0):
 garbage-first heap   total 145408K, used 86638K [0x0000000700000000, 0x0000000800000000)
  region size 2048K, 2 young (4096K), 2 survivors (4096K)
 Metaspace       used 85184K, committed 85824K, reserved 1130496K
  class space    used 11646K, committed 11968K, reserved 1048576K
}
Event: 25.282 GC heap before
{Heap before GC invocations=37 (full 0):
 garbage-first heap   total 153600K, used 115310K [0x0000000700000000, 0x0000000800000000)
  region size 2048K, 17 young (34816K), 2 survivors (4096K)
 Metaspace       used 85492K, committed 86080K, reserved 1130496K
  class space    used 11662K, committed 11968K, reserved 1048576K
}
Event: 25.291 GC heap after
{Heap after GC invocations=38 (full 0):
 garbage-first heap   total 153600K, used 88602K [0x0000000700000000, 0x0000000800000000)
  region size 2048K, 3 young (6144K), 3 survivors (6144K)
 Metaspace       used 85492K, committed 86080K, reserved 1130496K
  class space    used 11662K, committed 11968K, reserved 1048576K
}
Event: 25.921 GC heap before
{Heap before GC invocations=38 (full 0):
 garbage-first heap   total 153600K, used 123418K [0x0000000700000000, 0x0000000800000000)
  region size 2048K, 21 young (43008K), 3 survivors (6144K)
 Metaspace       used 85848K, committed 86464K, reserved 1130496K
  class space    used 11697K, committed 11968K, reserved 1048576K
}
Event: 25.931 GC heap after
{Heap after GC invocations=39 (full 0):
 garbage-first heap   total 153600K, used 91412K [0x0000000700000000, 0x0000000800000000)
  region size 2048K, 3 young (6144K), 3 survivors (6144K)
 Metaspace       used 85848K, committed 86464K, reserved 1130496K
  class space    used 11697K, committed 11968K, reserved 1048576K
}

