# JRE version: OpenJDK Runtime Environment (17.0.6) (build 17.0.6+0-b2043.56-10027231)
# Java VM: OpenJDK 64-Bit Server VM (17.0.6+0-b2043.56-10027231, mixed mode, tiered, compressed oops, compressed class ptrs, g1 gc, windows-amd64)
GC Precious Log:
 CPUs: 4 total, 4 available
 Memory: 6020M
 Large Page Support: Disabled
 NUMA Support: Disabled
 Compressed Oops: Enabled (Zero based)
 Heap Region Size: 2M
 Heap Min Capacity: 8M
 Heap Initial Capacity: 96M
 Heap Max Capacity: 4G
 Pre-touch: Disabled
 Parallel Workers: 4
 Concurrent Workers: 1
 Concurrent Refinement Workers: 4
 Periodic GC: Disabled
Heap:
 garbage-first heap   total 1028096K, used 360337K [0x0000000700000000, 0x0000000800000000)
  region size 2048K, 34 young (69632K), 4 survivors (8192K)
 Metaspace       used 125078K, committed 125888K, reserved 1163264K
  class space    used 16797K, committed 17152K, reserved 1048576K
GC Heap History (20 events):
Event: 26.134 GC heap before
{Heap before GC invocations=38 (full 0):
 garbage-first heap   total 309248K, used 261148K [0x0000000700000000, 0x0000000800000000)
  region size 2048K, 65 young (133120K), 3 survivors (6144K)
 Metaspace       used 96294K, committed 96960K, reserved 1138688K
  class space    used 13047K, committed 13376K, reserved 1048576K
}
Event: 26.239 GC heap after
{Heap after GC invocations=39 (full 0):
 garbage-first heap   total 309248K, used 159663K [0x0000000700000000, 0x0000000800000000)
  region size 2048K, 9 young (18432K), 9 survivors (18432K)
 Metaspace       used 96294K, committed 96960K, reserved 1138688K
  class space    used 13047K, committed 13376K, reserved 1048576K
}
Event: 26.255 GC heap before
{Heap before GC invocations=39 (full 0):
 garbage-first heap   total 309248K, used 161711K [0x0000000700000000, 0x0000000800000000)
  region size 2048K, 10 young (20480K), 9 survivors (18432K)
 Metaspace       used 96294K, committed 96960K, reserved 1138688K
  class space    used 13047K, committed 13376K, reserved 1048576K
}
Event: 26.298 GC heap after
{Heap after GC invocations=40 (full 0):
 garbage-first heap   total 309248K, used 161349K [0x0000000700000000, 0x0000000800000000)
  region size 2048K, 2 young (4096K), 2 survivors (4096K)
 Metaspace       used 96294K, committed 96960K, reserved 1138688K
  class space    used 13047K, committed 13376K, reserved 1048576K
}
Event: 27.195 GC heap before
{Heap before GC invocations=40 (full 0):
 garbage-first heap   total 309248K, used 222789K [0x0000000700000000, 0x0000000800000000)
  region size 2048K, 33 young (67584K), 2 survivors (4096K)
 Metaspace       used 98953K, committed 99584K, reserved 1138688K
  class space    used 13562K, committed 13888K, reserved 1048576K
}
Event: 27.249 GC heap after
{Heap after GC invocations=41 (full 0):
 garbage-first heap   total 309248K, used 188416K [0x0000000700000000, 0x0000000800000000)
  region size 2048K, 5 young (10240K), 5 survivors (10240K)
 Metaspace       used 98953K, committed 99584K, reserved 1138688K
  class space    used 13562K, committed 13888K, reserved 1048576K
}
Event: 27.472 GC heap before
{Heap before GC invocations=41 (full 0):
 garbage-first heap   total 309248K, used 235520K [0x0000000700000000, 0x0000000800000000)
  region size 2048K, 28 young (57344K), 5 survivors (10240K)
 Metaspace       used 98981K, committed 99648K, reserved 1138688K
  class space    used 13563K, committed 13888K, reserved 1048576K
}
Event: 27.533 GC heap after
{Heap after GC invocations=42 (full 0):
 garbage-first heap   total 309248K, used 212992K [0x0000000700000000, 0x0000000800000000)
  region size 2048K, 4 young (8192K), 4 survivors (8192K)
 Metaspace       used 98981K, committed 99648K, reserved 1138688K
  class space    used 13563K, committed 13888K, reserved 1048576K
}
Event: 28.408 GC heap before
{Heap before GC invocations=42 (full 0):
 garbage-first heap   total 309248K, used 241664K [0x0000000700000000, 0x0000000800000000)
  region size 2048K, 19 young (38912K), 4 survivors (8192K)
 Metaspace       used 101713K, committed 102400K, reserved 1138688K
  class space    used 13945K, committed 14272K, reserved 1048576K
}
Event: 28.446 GC heap after
{Heap after GC invocations=43 (full 0):
 garbage-first heap   total 894976K, used 224256K [0x0000000700000000, 0x0000000800000000)
  region size 2048K, 3 young (6144K), 3 survivors (6144K)
 Metaspace       used 101713K, committed 102400K, reserved 1138688K
  class space    used 13945K, committed 14272K, reserved 1048576K
}
Event: 31.374 GC heap before
{Heap before GC invocations=43 (full 0):
 garbage-first heap   total 894976K, used 420864K [0x0000000700000000, 0x0000000800000000)
  region size 2048K, 97 young (198656K), 3 survivors (6144K)
 Metaspace       used 104969K, committed 105664K, reserved 1146880K
  class space    used 14364K, committed 14720K, reserved 1048576K
}
Event: 31.534 GC heap after
{Heap after GC invocations=44 (full 0):
 garbage-first heap   total 894976K, used 244606K [0x0000000700000000, 0x0000000800000000)
  region size 2048K, 10 young (20480K), 10 survivors (20480K)
 Metaspace       used 104969K, committed 105664K, reserved 1146880K
  class space    used 14364K, committed 14720K, reserved 1048576K
}
Event: 32.732 GC heap before
{Heap before GC invocations=44 (full 0):
 garbage-first heap   total 894976K, used 314238K [0x0000000700000000, 0x0000000800000000)
  region size 2048K, 44 young (90112K), 10 survivors (20480K)
 Metaspace       used 106121K, committed 106816K, reserved 1146880K
  class space    used 14524K, committed 14848K, reserved 1048576K
}
Event: 32.812 GC heap after
{Heap after GC invocations=45 (full 0):
 garbage-first heap   total 894976K, used 254976K [0x0000000700000000, 0x0000000800000000)
  region size 2048K, 5 young (10240K), 5 survivors (10240K)
 Metaspace       used 106121K, committed 106816K, reserved 1146880K
  class space    used 14524K, committed 14848K, reserved 1048576K
}
Event: 33.718 GC heap before
{Heap before GC invocations=45 (full 0):
 garbage-first heap   total 894976K, used 404480K [0x0000000700000000, 0x0000000800000000)
  region size 2048K, 71 young (145408K), 5 survivors (10240K)
 Metaspace       used 108159K, committed 108800K, reserved 1146880K
  class space    used 14798K, committed 15104K, reserved 1048576K
}
Event: 33.752 GC heap after
{Heap after GC invocations=46 (full 0):
 garbage-first heap   total 894976K, used 280781K [0x0000000700000000, 0x0000000800000000)
  region size 2048K, 9 young (18432K), 9 survivors (18432K)
 Metaspace       used 108159K, committed 108800K, reserved 1146880K
  class space    used 14798K, committed 15104K, reserved 1048576K
}
Event: 37.526 GC heap before
{Heap before GC invocations=46 (full 0):
 garbage-first heap   total 894976K, used 467149K [0x0000000700000000, 0x0000000800000000)
  region size 2048K, 88 young (180224K), 9 survivors (18432K)
 Metaspace       used 117834K, committed 118592K, reserved 1155072K
  class space    used 15992K, committed 16384K, reserved 1048576K
}
Event: 37.617 GC heap after
{Heap after GC invocations=47 (full 0):
 garbage-first heap   total 1028096K, used 272787K [0x0000000700000000, 0x0000000800000000)
  region size 2048K, 8 young (16384K), 8 survivors (16384K)
 Metaspace       used 117834K, committed 118592K, reserved 1155072K
  class space    used 15992K, committed 16384K, reserved 1048576K
}
Event: 42.261 GC heap before
{Heap before GC invocations=47 (full 0):
 garbage-first heap   total 1028096K, used 485779K [0x0000000700000000, 0x0000000800000000)
  region size 2048K, 103 young (210944K), 8 survivors (16384K)
 Metaspace       used 123653K, committed 124480K, reserved 1163264K
  class space    used 16625K, committed 17024K, reserved 1048576K
}
Event: 42.279 GC heap after
{Heap after GC invocations=48 (full 0):
 garbage-first heap   total 1028096K, used 272273K [0x0000000700000000, 0x0000000800000000)
  region size 2048K, 4 young (8192K), 4 survivors (8192K)
 Metaspace       used 123653K, committed 124480K, reserved 1163264K
  class space    used 16625K, committed 17024K, reserved 1048576K
}

