# JRE version: OpenJDK Runtime Environment (17.0.6) (build 17.0.6+0-b2043.56-10027231)
# Java VM: OpenJDK 64-Bit Server VM (17.0.6+0-b2043.56-10027231, mixed mode, tiered, compressed oops, compressed class ptrs, g1 gc, windows-amd64)
GC Precious Log:
 CPUs: 4 total, 4 available
 Memory: 6020M
 Large Page Support: Disabled
 NUMA Support: Disabled
 Compressed Oops: Enabled (Zero based)
 Heap Region Size: 2M
 Heap Min Capacity: 8M
 Heap Initial Capacity: 96M
 Heap Max Capacity: 4G
 Pre-touch: Disabled
 Parallel Workers: 4
 Concurrent Workers: 1
 Concurrent Refinement Workers: 4
 Periodic GC: Disabled
Heap:
 garbage-first heap   total 188416K, used 146026K [0x0000000700000000, 0x0000000800000000)
  region size 2048K, 22 young (45056K), 1 survivors (2048K)
 Metaspace       used 88319K, committed 89024K, reserved 1130496K
  class space    used 11880K, committed 12224K, reserved 1048576K
GC Heap History (20 events):
Event: 16.949 GC heap before
{Heap before GC invocations=24 (full 0):
 garbage-first heap   total 135168K, used 104235K [0x0000000700000000, 0x0000000800000000)
  region size 2048K, 22 young (45056K), 3 survivors (6144K)
 Metaspace       used 77275K, committed 77888K, reserved 1122304K
  class space    used 10461K, committed 10752K, reserved 1048576K
}
Event: 16.966 GC heap after
{Heap after GC invocations=25 (full 0):
 garbage-first heap   total 163840K, used 68229K [0x0000000700000000, 0x0000000800000000)
  region size 2048K, 3 young (6144K), 3 survivors (6144K)
 Metaspace       used 77275K, committed 77888K, reserved 1122304K
  class space    used 10461K, committed 10752K, reserved 1048576K
}
Event: 18.341 GC heap before
{Heap before GC invocations=26 (full 0):
 garbage-first heap   total 163840K, used 127621K [0x0000000700000000, 0x0000000800000000)
  region size 2048K, 32 young (65536K), 3 survivors (6144K)
 Metaspace       used 82230K, committed 82880K, reserved 1122304K
  class space    used 11166K, committed 11456K, reserved 1048576K
}
Event: 18.360 GC heap after
{Heap after GC invocations=27 (full 0):
 garbage-first heap   total 163840K, used 74457K [0x0000000700000000, 0x0000000800000000)
  region size 2048K, 4 young (8192K), 4 survivors (8192K)
 Metaspace       used 82230K, committed 82880K, reserved 1122304K
  class space    used 11166K, committed 11456K, reserved 1048576K
}
Event: 19.565 GC heap before
{Heap before GC invocations=27 (full 0):
 garbage-first heap   total 163840K, used 127705K [0x0000000700000000, 0x0000000800000000)
  region size 2048K, 31 young (63488K), 4 survivors (8192K)
 Metaspace       used 84630K, committed 85312K, reserved 1130496K
  class space    used 11605K, committed 11904K, reserved 1048576K
}
Event: 19.585 GC heap after
{Heap after GC invocations=28 (full 0):
 garbage-first heap   total 163840K, used 82712K [0x0000000700000000, 0x0000000800000000)
  region size 2048K, 4 young (8192K), 4 survivors (8192K)
 Metaspace       used 84630K, committed 85312K, reserved 1130496K
  class space    used 11605K, committed 11904K, reserved 1048576K
}
Event: 20.546 GC heap before
{Heap before GC invocations=28 (full 0):
 garbage-first heap   total 163840K, used 127768K [0x0000000700000000, 0x0000000800000000)
  region size 2048K, 27 young (55296K), 4 survivors (8192K)
 Metaspace       used 85179K, committed 85760K, reserved 1130496K
  class space    used 11644K, committed 11904K, reserved 1048576K
}
Event: 20.565 GC heap after
{Heap after GC invocations=29 (full 0):
 garbage-first heap   total 163840K, used 86351K [0x0000000700000000, 0x0000000800000000)
  region size 2048K, 2 young (4096K), 2 survivors (4096K)
 Metaspace       used 85179K, committed 85760K, reserved 1130496K
  class space    used 11644K, committed 11904K, reserved 1048576K
}
Event: 21.486 GC heap before
{Heap before GC invocations=30 (full 0):
 garbage-first heap   total 163840K, used 129359K [0x0000000700000000, 0x0000000800000000)
  region size 2048K, 24 young (49152K), 2 survivors (4096K)
 Metaspace       used 85803K, committed 86400K, reserved 1130496K
  class space    used 11693K, committed 11968K, reserved 1048576K
}
Event: 21.497 GC heap after
{Heap after GC invocations=31 (full 0):
 garbage-first heap   total 163840K, used 90010K [0x0000000700000000, 0x0000000800000000)
  region size 2048K, 2 young (4096K), 2 survivors (4096K)
 Metaspace       used 85803K, committed 86400K, reserved 1130496K
  class space    used 11693K, committed 11968K, reserved 1048576K
}
Event: 22.216 GC heap before
{Heap before GC invocations=31 (full 0):
 garbage-first heap   total 163840K, used 133018K [0x0000000700000000, 0x0000000800000000)
  region size 2048K, 24 young (49152K), 2 survivors (4096K)
 Metaspace       used 85957K, committed 86592K, reserved 1130496K
  class space    used 11698K, committed 11968K, reserved 1048576K
}
Event: 22.230 GC heap after
{Heap after GC invocations=32 (full 0):
 garbage-first heap   total 163840K, used 92701K [0x0000000700000000, 0x0000000800000000)
  region size 2048K, 2 young (4096K), 2 survivors (4096K)
 Metaspace       used 85957K, committed 86592K, reserved 1130496K
  class space    used 11698K, committed 11968K, reserved 1048576K
}
Event: 126.088 GC heap before
{Heap before GC invocations=33 (full 0):
 garbage-first heap   total 174080K, used 131613K [0x0000000700000000, 0x0000000800000000)
  region size 2048K, 22 young (45056K), 2 survivors (4096K)
 Metaspace       used 87036K, committed 87680K, reserved 1130496K
  class space    used 11826K, committed 12096K, reserved 1048576K
}
Event: 126.286 GC heap after
{Heap after GC invocations=34 (full 0):
 garbage-first heap   total 174080K, used 95742K [0x0000000700000000, 0x0000000800000000)
  region size 2048K, 3 young (6144K), 3 survivors (6144K)
 Metaspace       used 87036K, committed 87680K, reserved 1130496K
  class space    used 11826K, committed 12096K, reserved 1048576K
}
Event: 130.650 GC heap before
{Heap before GC invocations=34 (full 0):
 garbage-first heap   total 174080K, used 142846K [0x0000000700000000, 0x0000000800000000)
  region size 2048K, 26 young (53248K), 3 survivors (6144K)
 Metaspace       used 87669K, committed 88320K, reserved 1130496K
  class space    used 11842K, committed 12160K, reserved 1048576K
}
Event: 130.690 GC heap after
{Heap after GC invocations=35 (full 0):
 garbage-first heap   total 174080K, used 101038K [0x0000000700000000, 0x0000000800000000)
  region size 2048K, 4 young (8192K), 4 survivors (8192K)
 Metaspace       used 87669K, committed 88320K, reserved 1130496K
  class space    used 11842K, committed 12160K, reserved 1048576K
}
Event: 238.258 GC heap before
{Heap before GC invocations=36 (full 0):
 garbage-first heap   total 188416K, used 139950K [0x0000000700000000, 0x0000000800000000)
  region size 2048K, 23 young (47104K), 4 survivors (8192K)
 Metaspace       used 87899K, committed 88576K, reserved 1130496K
  class space    used 11862K, committed 12160K, reserved 1048576K
}
Event: 238.355 GC heap after
{Heap after GC invocations=37 (full 0):
 garbage-first heap   total 188416K, used 104421K [0x0000000700000000, 0x0000000800000000)
  region size 2048K, 2 young (4096K), 2 survivors (4096K)
 Metaspace       used 87899K, committed 88576K, reserved 1130496K
  class space    used 11862K, committed 12160K, reserved 1048576K
}
Event: 238.850 GC heap before
{Heap before GC invocations=37 (full 0):
 garbage-first heap   total 188416K, used 108517K [0x0000000700000000, 0x0000000800000000)
  region size 2048K, 4 young (8192K), 2 survivors (4096K)
 Metaspace       used 87961K, committed 88640K, reserved 1130496K
  class space    used 11862K, committed 12160K, reserved 1048576K
}
Event: 238.877 GC heap after
{Heap after GC invocations=38 (full 0):
 garbage-first heap   total 188416K, used 105066K [0x0000000700000000, 0x0000000800000000)
  region size 2048K, 1 young (2048K), 1 survivors (2048K)
 Metaspace       used 87961K, committed 88640K, reserved 1130496K
  class space    used 11862K, committed 12160K, reserved 1048576K
}

