# JRE version: OpenJDK Runtime Environment (17.0.6) (build 17.0.6+0-b2043.56-10027231)
# Java VM: OpenJDK 64-Bit Server VM (17.0.6+0-b2043.56-10027231, mixed mode, tiered, compressed oops, compressed class ptrs, g1 gc, windows-amd64)
GC Precious Log:
 CPUs: 4 total, 4 available
 Memory: 6020M
 Large Page Support: Disabled
 NUMA Support: Disabled
 Compressed Oops: Enabled (32-bit)
 Heap Region Size: 1M
 Heap Min Capacity: 8M
 Heap Initial Capacity: 96M
 Heap Max Capacity: 2G
 Pre-touch: Disabled
 Parallel Workers: 4
 Concurrent Workers: 1
 Concurrent Refinement Workers: 4
 Periodic GC: Disabled
Heap:
 garbage-first heap   total 276480K, used 150016K [0x0000000080000000, 0x0000000100000000)
  region size 1024K, 11 young (11264K), 11 survivors (11264K)
 Metaspace       used 104622K, committed 105344K, reserved 1146880K
  class space    used 14363K, committed 14720K, reserved 1048576K
GC Heap History (20 events):
Event: 15.621 GC heap after
{Heap after GC invocations=34 (full 0):
 garbage-first heap   total 146432K, used 75285K [0x0000000080000000, 0x0000000100000000)
  region size 1024K, 6 young (6144K), 6 survivors (6144K)
 Metaspace       used 82142K, committed 82752K, reserved 1122304K
  class space    used 11158K, committed 11456K, reserved 1048576K
}
Event: 16.617 GC heap before
{Heap before GC invocations=35 (full 0):
 garbage-first heap   total 153600K, used 117269K [0x0000000080000000, 0x0000000100000000)
  region size 1024K, 47 young (48128K), 6 survivors (6144K)
 Metaspace       used 84469K, committed 85056K, reserved 1122304K
  class space    used 11604K, committed 11840K, reserved 1048576K
}
Event: 16.632 GC heap after
{Heap after GC invocations=36 (full 0):
 garbage-first heap   total 153600K, used 80919K [0x0000000080000000, 0x0000000100000000)
  region size 1024K, 6 young (6144K), 6 survivors (6144K)
 Metaspace       used 84469K, committed 85056K, reserved 1122304K
  class space    used 11604K, committed 11840K, reserved 1048576K
}
Event: 17.228 GC heap before
{Heap before GC invocations=36 (full 0):
 garbage-first heap   total 153600K, used 117783K [0x0000000080000000, 0x0000000100000000)
  region size 1024K, 44 young (45056K), 6 survivors (6144K)
 Metaspace       used 84852K, committed 85504K, reserved 1130496K
  class space    used 11632K, committed 11904K, reserved 1048576K
}
Event: 17.238 GC heap after
{Heap after GC invocations=37 (full 0):
 garbage-first heap   total 153600K, used 83851K [0x0000000080000000, 0x0000000100000000)
  region size 1024K, 3 young (3072K), 3 survivors (3072K)
 Metaspace       used 84852K, committed 85504K, reserved 1130496K
  class space    used 11632K, committed 11904K, reserved 1048576K
}
Event: 18.427 GC heap before
{Heap before GC invocations=38 (full 0):
 garbage-first heap   total 157696K, used 125835K [0x0000000080000000, 0x0000000100000000)
  region size 1024K, 44 young (45056K), 3 survivors (3072K)
 Metaspace       used 87414K, committed 88000K, reserved 1130496K
  class space    used 11901K, committed 12160K, reserved 1048576K
}
Event: 18.440 GC heap after
{Heap after GC invocations=39 (full 0):
 garbage-first heap   total 157696K, used 85899K [0x0000000080000000, 0x0000000100000000)
  region size 1024K, 5 young (5120K), 5 survivors (5120K)
 Metaspace       used 87414K, committed 88000K, reserved 1130496K
  class space    used 11901K, committed 12160K, reserved 1048576K
}
Event: 18.492 GC heap before
{Heap before GC invocations=39 (full 0):
 garbage-first heap   total 157696K, used 86923K [0x0000000080000000, 0x0000000100000000)
  region size 1024K, 7 young (7168K), 5 survivors (5120K)
 Metaspace       used 87684K, committed 88320K, reserved 1130496K
  class space    used 11941K, committed 12224K, reserved 1048576K
}
Event: 18.502 GC heap after
{Heap after GC invocations=40 (full 0):
 garbage-first heap   total 157696K, used 86088K [0x0000000080000000, 0x0000000100000000)
  region size 1024K, 1 young (1024K), 1 survivors (1024K)
 Metaspace       used 87684K, committed 88320K, reserved 1130496K
  class space    used 11941K, committed 12224K, reserved 1048576K
}
Event: 19.286 GC heap before
{Heap before GC invocations=40 (full 0):
 garbage-first heap   total 157696K, used 128072K [0x0000000080000000, 0x0000000100000000)
  region size 1024K, 43 young (44032K), 1 survivors (1024K)
 Metaspace       used 91936K, committed 92608K, reserved 1130496K
  class space    used 12498K, committed 12800K, reserved 1048576K
}
Event: 19.295 GC heap after
{Heap after GC invocations=41 (full 0):
 garbage-first heap   total 276480K, used 89663K [0x0000000080000000, 0x0000000100000000)
  region size 1024K, 5 young (5120K), 5 survivors (5120K)
 Metaspace       used 91936K, committed 92608K, reserved 1130496K
  class space    used 12498K, committed 12800K, reserved 1048576K
}
Event: 21.293 GC heap before
{Heap before GC invocations=42 (full 0):
 garbage-first heap   total 276480K, used 216639K [0x0000000080000000, 0x0000000100000000)
  region size 1024K, 130 young (133120K), 5 survivors (5120K)
 Metaspace       used 98191K, committed 98880K, reserved 1138688K
  class space    used 13337K, committed 13632K, reserved 1048576K
}
Event: 21.368 GC heap after
{Heap after GC invocations=43 (full 0):
 garbage-first heap   total 276480K, used 107910K [0x0000000080000000, 0x0000000100000000)
  region size 1024K, 17 young (17408K), 17 survivors (17408K)
 Metaspace       used 98191K, committed 98880K, reserved 1138688K
  class space    used 13337K, committed 13632K, reserved 1048576K
}
Event: 21.372 GC heap before
{Heap before GC invocations=43 (full 0):
 garbage-first heap   total 276480K, used 108934K [0x0000000080000000, 0x0000000100000000)
  region size 1024K, 18 young (18432K), 17 survivors (17408K)
 Metaspace       used 98214K, committed 98944K, reserved 1138688K
  class space    used 13340K, committed 13696K, reserved 1048576K
}
Event: 21.393 GC heap after
{Heap after GC invocations=44 (full 0):
 garbage-first heap   total 276480K, used 109899K [0x0000000080000000, 0x0000000100000000)
  region size 1024K, 2 young (2048K), 2 survivors (2048K)
 Metaspace       used 98214K, committed 98944K, reserved 1138688K
  class space    used 13340K, committed 13696K, reserved 1048576K
}
Event: 21.924 GC heap before
{Heap before GC invocations=44 (full 0):
 garbage-first heap   total 276480K, used 198987K [0x0000000080000000, 0x0000000100000000)
  region size 1024K, 89 young (91136K), 2 survivors (2048K)
 Metaspace       used 100497K, committed 101248K, reserved 1138688K
  class space    used 13665K, committed 14016K, reserved 1048576K
}
Event: 21.956 GC heap after
{Heap after GC invocations=45 (full 0):
 garbage-first heap   total 276480K, used 125440K [0x0000000080000000, 0x0000000100000000)
  region size 1024K, 12 young (12288K), 12 survivors (12288K)
 Metaspace       used 100497K, committed 101248K, reserved 1138688K
  class space    used 13665K, committed 14016K, reserved 1048576K
}
Event: 22.279 GC heap before
{Heap before GC invocations=45 (full 0):
 garbage-first heap   total 276480K, used 205312K [0x0000000080000000, 0x0000000100000000)
  region size 1024K, 91 young (93184K), 12 survivors (12288K)
 Metaspace       used 102982K, committed 103680K, reserved 1138688K
  class space    used 14095K, committed 14400K, reserved 1048576K
}
Event: 22.324 GC heap after
{Heap after GC invocations=46 (full 0):
 garbage-first heap   total 276480K, used 138578K [0x0000000080000000, 0x0000000100000000)
  region size 1024K, 12 young (12288K), 12 survivors (12288K)
 Metaspace       used 102982K, committed 103680K, reserved 1138688K
  class space    used 14095K, committed 14400K, reserved 1048576K
}
Event: 22.678 GC heap before
{Heap before GC invocations=46 (full 0):
 garbage-first heap   total 276480K, used 212306K [0x0000000080000000, 0x0000000100000000)
  region size 1024K, 85 young (87040K), 12 survivors (12288K)
 Metaspace       used 104622K, committed 105344K, reserved 1146880K
  class space    used 14363K, committed 14720K, reserved 1048576K
}

