# JRE version: OpenJDK Runtime Environment (17.0.6) (build 17.0.6+0-b2043.56-10027231)
# Java VM: OpenJDK 64-Bit Server VM (17.0.6+0-b2043.56-10027231, mixed mode, tiered, compressed oops, compressed class ptrs, g1 gc, windows-amd64)
GC Precious Log:
 CPUs: 4 total, 4 available
 Memory: 10116M
 Large Page Support: Disabled
 NUMA Support: Disabled
 Compressed Oops: Enabled (Zero based)
 Heap Region Size: 2M
 Heap Min Capacity: 8M
 Heap Initial Capacity: 160M
 Heap Max Capacity: 4G
 Pre-touch: Disabled
 Parallel Workers: 4
 Concurrent Workers: 1
 Concurrent Refinement Workers: 4
 Periodic GC: Disabled
Heap:
 garbage-first heap   total 933888K, used 478438K [0x0000000700000000, 0x0000000800000000)
  region size 2048K, 2 young (4096K), 2 survivors (4096K)
 Metaspace       used 137019K, committed 137920K, reserved 1171456K
  class space    used 17825K, committed 18240K, reserved 1048576K
GC Heap History (20 events):
Event: 56.636 GC heap after
{Heap after GC invocations=63 (full 0):
 garbage-first heap   total 466944K, used 273920K [0x0000000700000000, 0x0000000800000000)
  region size 2048K, 7 young (14336K), 7 survivors (14336K)
 Metaspace       used 112601K, committed 113280K, reserved 1146880K
  class space    used 15242K, committed 15552K, reserved 1048576K
}
Event: 57.530 GC heap before
{Heap before GC invocations=63 (full 0):
 garbage-first heap   total 466944K, used 374272K [0x0000000700000000, 0x0000000800000000)
  region size 2048K, 51 young (104448K), 7 survivors (14336K)
 Metaspace       used 117697K, committed 118400K, reserved 1155072K
  class space    used 15871K, committed 16192K, reserved 1048576K
}
Event: 57.552 GC heap after
{Heap after GC invocations=64 (full 0):
 garbage-first heap   total 933888K, used 291411K [0x0000000700000000, 0x0000000800000000)
  region size 2048K, 3 young (6144K), 3 survivors (6144K)
 Metaspace       used 117697K, committed 118400K, reserved 1155072K
  class space    used 15871K, committed 16192K, reserved 1048576K
}
Event: 505.468 GC heap before
{Heap before GC invocations=64 (full 0):
 garbage-first heap   total 933888K, used 731731K [0x0000000700000000, 0x0000000800000000)
  region size 2048K, 187 young (382976K), 3 survivors (6144K)
 Metaspace       used 133573K, committed 134336K, reserved 1171456K
  class space    used 17590K, committed 17920K, reserved 1048576K
}
Event: 505.581 GC heap after
{Heap after GC invocations=65 (full 0):
 garbage-first heap   total 933888K, used 287973K [0x0000000700000000, 0x0000000800000000)
  region size 2048K, 7 young (14336K), 7 survivors (14336K)
 Metaspace       used 133573K, committed 134336K, reserved 1171456K
  class space    used 17590K, committed 17920K, reserved 1048576K
}
Event: 508.778 GC heap before
{Heap before GC invocations=65 (full 0):
 garbage-first heap   total 933888K, used 408805K [0x0000000700000000, 0x0000000800000000)
  region size 2048K, 66 young (135168K), 7 survivors (14336K)
 Metaspace       used 134512K, committed 135296K, reserved 1171456K
  class space    used 17606K, committed 17984K, reserved 1048576K
}
Event: 508.831 GC heap after
{Heap after GC invocations=66 (full 0):
 garbage-first heap   total 933888K, used 297985K [0x0000000700000000, 0x0000000800000000)
  region size 2048K, 5 young (10240K), 5 survivors (10240K)
 Metaspace       used 134512K, committed 135296K, reserved 1171456K
  class space    used 17606K, committed 17984K, reserved 1048576K
}
Event: 574.196 GC heap before
{Heap before GC invocations=66 (full 0):
 garbage-first heap   total 933888K, used 654337K [0x0000000700000000, 0x0000000800000000)
  region size 2048K, 157 young (321536K), 5 survivors (10240K)
 Metaspace       used 135841K, committed 136704K, reserved 1171456K
  class space    used 17730K, committed 18112K, reserved 1048576K
}
Event: 574.474 GC heap after
{Heap after GC invocations=67 (full 0):
 garbage-first heap   total 933888K, used 389120K [0x0000000700000000, 0x0000000800000000)
  region size 2048K, 20 young (40960K), 20 survivors (40960K)
 Metaspace       used 135841K, committed 136704K, reserved 1171456K
  class space    used 17730K, committed 18112K, reserved 1048576K
}
Event: 574.788 GC heap before
{Heap before GC invocations=67 (full 0):
 garbage-first heap   total 933888K, used 464896K [0x0000000700000000, 0x0000000800000000)
  region size 2048K, 57 young (116736K), 20 survivors (40960K)
 Metaspace       used 135848K, committed 136704K, reserved 1171456K
  class space    used 17730K, committed 18112K, reserved 1048576K
}
Event: 574.921 GC heap after
{Heap after GC invocations=68 (full 0):
 garbage-first heap   total 933888K, used 415744K [0x0000000700000000, 0x0000000800000000)
  region size 2048K, 8 young (16384K), 8 survivors (16384K)
 Metaspace       used 135848K, committed 136704K, reserved 1171456K
  class space    used 17730K, committed 18112K, reserved 1048576K
}
Event: 575.192 GC heap before
{Heap before GC invocations=68 (full 0):
 garbage-first heap   total 933888K, used 444416K [0x0000000700000000, 0x0000000800000000)
  region size 2048K, 22 young (45056K), 8 survivors (16384K)
 Metaspace       used 135891K, committed 136704K, reserved 1171456K
  class space    used 17730K, committed 18112K, reserved 1048576K
}
Event: 575.254 GC heap after
{Heap after GC invocations=69 (full 0):
 garbage-first heap   total 933888K, used 423936K [0x0000000700000000, 0x0000000800000000)
  region size 2048K, 3 young (6144K), 3 survivors (6144K)
 Metaspace       used 135891K, committed 136704K, reserved 1171456K
  class space    used 17730K, committed 18112K, reserved 1048576K
}
Event: 576.655 GC heap before
{Heap before GC invocations=69 (full 0):
 garbage-first heap   total 933888K, used 522240K [0x0000000700000000, 0x0000000800000000)
  region size 2048K, 48 young (98304K), 3 survivors (6144K)
 Metaspace       used 135908K, committed 136768K, reserved 1171456K
  class space    used 17730K, committed 18112K, reserved 1048576K
}
Event: 576.679 GC heap after
{Heap after GC invocations=70 (full 0):
 garbage-first heap   total 933888K, used 442368K [0x0000000700000000, 0x0000000800000000)
  region size 2048K, 6 young (12288K), 6 survivors (12288K)
 Metaspace       used 135908K, committed 136768K, reserved 1171456K
  class space    used 17730K, committed 18112K, reserved 1048576K
}
Event: 577.241 GC heap before
{Heap before GC invocations=70 (full 0):
 garbage-first heap   total 933888K, used 571392K [0x0000000700000000, 0x0000000800000000)
  region size 2048K, 68 young (139264K), 6 survivors (12288K)
 Metaspace       used 135941K, committed 136768K, reserved 1171456K
  class space    used 17730K, committed 18112K, reserved 1048576K
}
Event: 577.318 GC heap after
{Heap after GC invocations=71 (full 0):
 garbage-first heap   total 933888K, used 473425K [0x0000000700000000, 0x0000000800000000)
  region size 2048K, 9 young (18432K), 9 survivors (18432K)
 Metaspace       used 135941K, committed 136768K, reserved 1171456K
  class space    used 17730K, committed 18112K, reserved 1048576K
}
Event: 578.142 GC heap before
{Heap before GC invocations=71 (full 0):
 garbage-first heap   total 933888K, used 622929K [0x0000000700000000, 0x0000000800000000)
  region size 2048K, 76 young (155648K), 9 survivors (18432K)
 Metaspace       used 136280K, committed 137088K, reserved 1171456K
  class space    used 17776K, committed 18176K, reserved 1048576K
}
Event: 578.199 GC heap after
{Heap after GC invocations=72 (full 0):
 garbage-first heap   total 933888K, used 498688K [0x0000000700000000, 0x0000000800000000)
  region size 2048K, 10 young (20480K), 10 survivors (20480K)
 Metaspace       used 136280K, committed 137088K, reserved 1171456K
  class space    used 17776K, committed 18176K, reserved 1048576K
}
Event: 580.736 GC heap before
{Heap before GC invocations=72 (full 0):
 garbage-first heap   total 933888K, used 738304K [0x0000000700000000, 0x0000000800000000)
  region size 2048K, 106 young (217088K), 10 survivors (20480K)
 Metaspace       used 137019K, committed 137920K, reserved 1171456K
  class space    used 17825K, committed 18240K, reserved 1048576K
}

