# JRE version: OpenJDK Runtime Environment (17.0.6) (build 17.0.6+0-b2043.56-10027231)
# Java VM: OpenJDK 64-Bit Server VM (17.0.6+0-b2043.56-10027231, mixed mode, tiered, compressed oops, compressed class ptrs, g1 gc, windows-amd64)
GC Precious Log:
 CPUs: 4 total, 4 available
 Memory: 6020M
 Large Page Support: Disabled
 NUMA Support: Disabled
 Compressed Oops: Enabled (Zero based)
 Heap Region Size: 2M
 Heap Min Capacity: 8M
 Heap Initial Capacity: 96M
 Heap Max Capacity: 4G
 Pre-touch: Disabled
 Parallel Workers: 4
 Concurrent Workers: 1
 Concurrent Refinement Workers: 4
 Periodic GC: Disabled
Heap:
 garbage-first heap   total 354304K, used 285733K [0x0000000700000000, 0x0000000800000000)
  region size 2048K, 73 young (149504K), 5 survivors (10240K)
 Metaspace       used 128737K, committed 129664K, reserved 1163264K
  class space    used 17225K, committed 17664K, reserved 1048576K
GC Heap History (20 events):
Event: 1439.781 GC heap before
{Heap before GC invocations=52 (full 0):
 garbage-first heap   total 198656K, used 160447K [0x0000000700000000, 0x0000000800000000)
  region size 2048K, 31 young (63488K), 1 survivors (2048K)
 Metaspace       used 89558K, committed 90304K, reserved 1130496K
  class space    used 11979K, committed 12288K, reserved 1048576K
}
Event: 1439.840 GC heap after
{Heap after GC invocations=53 (full 0):
 garbage-first heap   total 198656K, used 107247K [0x0000000700000000, 0x0000000800000000)
  region size 2048K, 4 young (8192K), 4 survivors (8192K)
 Metaspace       used 89558K, committed 90304K, reserved 1130496K
  class space    used 11979K, committed 12288K, reserved 1048576K
}
Event: 1442.761 GC heap before
{Heap before GC invocations=54 (full 0):
 garbage-first heap   total 198656K, used 166639K [0x0000000700000000, 0x0000000800000000)
  region size 2048K, 31 young (63488K), 4 survivors (8192K)
 Metaspace       used 92612K, committed 93440K, reserved 1130496K
  class space    used 12369K, committed 12800K, reserved 1048576K
}
Event: 1442.888 GC heap after
{Heap after GC invocations=55 (full 0):
 garbage-first heap   total 200704K, used 131786K [0x0000000700000000, 0x0000000800000000)
  region size 2048K, 4 young (8192K), 4 survivors (8192K)
 Metaspace       used 92612K, committed 93440K, reserved 1130496K
  class space    used 12369K, committed 12800K, reserved 1048576K
}
Event: 1443.085 GC heap before
{Heap before GC invocations=55 (full 0):
 garbage-first heap   total 200704K, used 142026K [0x0000000700000000, 0x0000000800000000)
  region size 2048K, 5 young (10240K), 4 survivors (8192K)
 Metaspace       used 92848K, committed 93632K, reserved 1130496K
  class space    used 12397K, committed 12800K, reserved 1048576K
}
Event: 1443.105 GC heap after
{Heap after GC invocations=56 (full 0):
 garbage-first heap   total 200704K, used 124372K [0x0000000700000000, 0x0000000800000000)
  region size 2048K, 1 young (2048K), 1 survivors (2048K)
 Metaspace       used 92848K, committed 93632K, reserved 1130496K
  class space    used 12397K, committed 12800K, reserved 1048576K
}
Event: 1444.300 GC heap before
{Heap before GC invocations=56 (full 0):
 garbage-first heap   total 200704K, used 153044K [0x0000000700000000, 0x0000000800000000)
  region size 2048K, 16 young (32768K), 1 survivors (2048K)
 Metaspace       used 95379K, committed 96192K, reserved 1138688K
  class space    used 12678K, committed 13056K, reserved 1048576K
}
Event: 1444.314 GC heap after
{Heap after GC invocations=57 (full 0):
 garbage-first heap   total 200704K, used 125511K [0x0000000700000000, 0x0000000800000000)
  region size 2048K, 2 young (4096K), 2 survivors (4096K)
 Metaspace       used 95379K, committed 96192K, reserved 1138688K
  class space    used 12678K, committed 13056K, reserved 1048576K
}
Event: 1445.416 GC heap before
{Heap before GC invocations=58 (full 0):
 garbage-first heap   total 233472K, used 156231K [0x0000000700000000, 0x0000000800000000)
  region size 2048K, 18 young (36864K), 2 survivors (4096K)
 Metaspace       used 99637K, committed 100480K, reserved 1138688K
  class space    used 13255K, committed 13632K, reserved 1048576K
}
Event: 1445.446 GC heap after
{Heap after GC invocations=59 (full 0):
 garbage-first heap   total 233472K, used 128944K [0x0000000700000000, 0x0000000800000000)
  region size 2048K, 3 young (6144K), 3 survivors (6144K)
 Metaspace       used 99637K, committed 100480K, reserved 1138688K
  class space    used 13255K, committed 13632K, reserved 1048576K
}
Event: 1449.836 GC heap before
{Heap before GC invocations=59 (full 0):
 garbage-first heap   total 233472K, used 133040K [0x0000000700000000, 0x0000000800000000)
  region size 2048K, 5 young (10240K), 3 survivors (6144K)
 Metaspace       used 100158K, committed 100992K, reserved 1138688K
  class space    used 13324K, committed 13696K, reserved 1048576K
}
Event: 1449.891 GC heap after
{Heap after GC invocations=60 (full 0):
 garbage-first heap   total 233472K, used 116113K [0x0000000700000000, 0x0000000800000000)
  region size 2048K, 1 young (2048K), 1 survivors (2048K)
 Metaspace       used 100158K, committed 100992K, reserved 1138688K
  class space    used 13324K, committed 13696K, reserved 1048576K
}
Event: 1454.633 GC heap before
{Heap before GC invocations=60 (full 0):
 garbage-first heap   total 233472K, used 179601K [0x0000000700000000, 0x0000000800000000)
  region size 2048K, 32 young (65536K), 1 survivors (2048K)
 Metaspace       used 101284K, committed 102080K, reserved 1138688K
  class space    used 13447K, committed 13824K, reserved 1048576K
}
Event: 1454.665 GC heap after
{Heap after GC invocations=61 (full 0):
 garbage-first heap   total 354304K, used 119767K [0x0000000700000000, 0x0000000800000000)
  region size 2048K, 3 young (6144K), 3 survivors (6144K)
 Metaspace       used 101284K, committed 102080K, reserved 1138688K
  class space    used 13447K, committed 13824K, reserved 1048576K
}
Event: 1462.836 GC heap before
{Heap before GC invocations=62 (full 0):
 garbage-first heap   total 354304K, used 287703K [0x0000000700000000, 0x0000000800000000)
  region size 2048K, 86 young (176128K), 3 survivors (6144K)
 Metaspace       used 118814K, committed 119680K, reserved 1155072K
  class space    used 15786K, committed 16192K, reserved 1048576K
}
Event: 1462.888 GC heap after
{Heap after GC invocations=63 (full 0):
 garbage-first heap   total 354304K, used 133761K [0x0000000700000000, 0x0000000800000000)
  region size 2048K, 10 young (20480K), 10 survivors (20480K)
 Metaspace       used 118814K, committed 119680K, reserved 1155072K
  class space    used 15786K, committed 16192K, reserved 1048576K
}
Event: 1462.948 GC heap before
{Heap before GC invocations=63 (full 0):
 garbage-first heap   total 354304K, used 135809K [0x0000000700000000, 0x0000000800000000)
  region size 2048K, 11 young (22528K), 10 survivors (20480K)
 Metaspace       used 119166K, committed 120064K, reserved 1155072K
  class space    used 15835K, committed 16256K, reserved 1048576K
}
Event: 1463.029 GC heap after
{Heap after GC invocations=64 (full 0):
 garbage-first heap   total 354304K, used 127959K [0x0000000700000000, 0x0000000800000000)
  region size 2048K, 2 young (4096K), 2 survivors (4096K)
 Metaspace       used 119166K, committed 120064K, reserved 1155072K
  class space    used 15835K, committed 16256K, reserved 1048576K
}
Event: 1465.283 GC heap before
{Heap before GC invocations=64 (full 0):
 garbage-first heap   total 354304K, used 234455K [0x0000000700000000, 0x0000000800000000)
  region size 2048K, 56 young (114688K), 2 survivors (4096K)
 Metaspace       used 127077K, committed 128000K, reserved 1163264K
  class space    used 17016K, committed 17472K, reserved 1048576K
}
Event: 1465.302 GC heap after
{Heap after GC invocations=65 (full 0):
 garbage-first heap   total 354304K, used 134181K [0x0000000700000000, 0x0000000800000000)
  region size 2048K, 5 young (10240K), 5 survivors (10240K)
 Metaspace       used 127077K, committed 128000K, reserved 1163264K
  class space    used 17016K, committed 17472K, reserved 1048576K
}

